Analysis & Synthesis report for vga
Wed May  7 04:59:28 2025
Quartus Prime Version 22.1std.2 Build 922 07/20/2023 SC Lite Edition


---------------------
; Table of Contents ;
---------------------
  1. Legal Notice
  2. Analysis & Synthesis Summary
  3. Analysis & Synthesis Settings
  4. Parallel Compilation
  5. Analysis & Synthesis Source Files Read
  6. Analysis & Synthesis Resource Usage Summary
  7. Analysis & Synthesis Resource Utilization by Entity
  8. Analysis & Synthesis DSP Block Usage Summary
  9. Logic Cells Representing Combinational Loops
 10. Registers Removed During Synthesis
 11. General Register Statistics
 12. Inverted Register Statistics
 13. Multiplexer Restructuring Statistics (Restructuring Performed)
 14. Parameter Settings for User Entity Instance: clock_divider:clk_div
 15. Parameter Settings for User Entity Instance: vga_controller:vga_ctrl
 16. Parameter Settings for Inferred Entity Instance: board_drawer:brd_drwr|grid_calculator:grid|lpm_divide:Div1
 17. Parameter Settings for Inferred Entity Instance: board_drawer:brd_drwr|grid_calculator:grid|lpm_divide:Div0
 18. Port Connectivity Checks: "board_drawer:brd_drwr"
 19. Post-Synthesis Netlist Statistics for Top Partition
 20. Elapsed Time Per Partition
 21. Analysis & Synthesis Messages



----------------
; Legal Notice ;
----------------
Copyright (C) 2023  Intel Corporation. All rights reserved.
Your use of Intel Corporation's design tools, logic functions 
and other software and tools, and any partner logic 
functions, and any output files from any of the foregoing 
(including device programming or simulation files), and any 
associated documentation or information are expressly subject 
to the terms and conditions of the Intel Program License 
Subscription Agreement, the Intel Quartus Prime License Agreement,
the Intel FPGA IP License Agreement, or other applicable license
agreement, including, without limitation, that your use is for
the sole purpose of programming logic devices manufactured by
Intel and sold by Intel or its authorized distributors.  Please
refer to the applicable agreement for further details, at
https://fpgasoftware.intel.com/eula.



+----------------------------------------------------------------------------------+
; Analysis & Synthesis Summary                                                     ;
+---------------------------------+------------------------------------------------+
; Analysis & Synthesis Status     ; Successful - Wed May  7 04:59:28 2025          ;
; Quartus Prime Version           ; 22.1std.2 Build 922 07/20/2023 SC Lite Edition ;
; Revision Name                   ; vga                                            ;
; Top-level Entity Name           ; vga                                            ;
; Family                          ; Cyclone V                                      ;
; Logic utilization (in ALMs)     ; N/A                                            ;
; Total registers                 ; 22                                             ;
; Total pins                      ; 122                                            ;
; Total virtual pins              ; 0                                              ;
; Total block memory bits         ; 0                                              ;
; Total DSP Blocks                ; 2                                              ;
; Total HSSI RX PCSs              ; 0                                              ;
; Total HSSI PMA RX Deserializers ; 0                                              ;
; Total HSSI TX PCSs              ; 0                                              ;
; Total HSSI PMA TX Serializers   ; 0                                              ;
; Total PLLs                      ; 0                                              ;
; Total DLLs                      ; 0                                              ;
+---------------------------------+------------------------------------------------+


+---------------------------------------------------------------------------------------------------------------------------+
; Analysis & Synthesis Settings                                                                                             ;
+---------------------------------------------------------------------------------+--------------------+--------------------+
; Option                                                                          ; Setting            ; Default Value      ;
+---------------------------------------------------------------------------------+--------------------+--------------------+
; Device                                                                          ; 5CSXFC6D6F31C6     ;                    ;
; Top-level entity name                                                           ; vga                ; vga                ;
; Family name                                                                     ; Cyclone V          ; Cyclone V          ;
; Use smart compilation                                                           ; Off                ; Off                ;
; Enable parallel Assembler and Timing Analyzer during compilation                ; On                 ; On                 ;
; Enable compact report table                                                     ; Off                ; Off                ;
; Restructure Multiplexers                                                        ; Auto               ; Auto               ;
; MLAB Add Timing Constraints For Mixed-Port Feed-Through Mode Setting Don't Care ; Off                ; Off                ;
; Create Debugging Nodes for IP Cores                                             ; Off                ; Off                ;
; Preserve fewer node names                                                       ; On                 ; On                 ;
; Intel FPGA IP Evaluation Mode                                                   ; Enable             ; Enable             ;
; Verilog Version                                                                 ; Verilog_2001       ; Verilog_2001       ;
; VHDL Version                                                                    ; VHDL_1993          ; VHDL_1993          ;
; State Machine Processing                                                        ; Auto               ; Auto               ;
; Safe State Machine                                                              ; Off                ; Off                ;
; Extract Verilog State Machines                                                  ; On                 ; On                 ;
; Extract VHDL State Machines                                                     ; On                 ; On                 ;
; Ignore Verilog initial constructs                                               ; Off                ; Off                ;
; Iteration limit for constant Verilog loops                                      ; 5000               ; 5000               ;
; Iteration limit for non-constant Verilog loops                                  ; 250                ; 250                ;
; Add Pass-Through Logic to Inferred RAMs                                         ; On                 ; On                 ;
; Infer RAMs from Raw Logic                                                       ; On                 ; On                 ;
; Parallel Synthesis                                                              ; On                 ; On                 ;
; DSP Block Balancing                                                             ; Auto               ; Auto               ;
; NOT Gate Push-Back                                                              ; On                 ; On                 ;
; Power-Up Don't Care                                                             ; On                 ; On                 ;
; Remove Redundant Logic Cells                                                    ; Off                ; Off                ;
; Remove Duplicate Registers                                                      ; On                 ; On                 ;
; Ignore CARRY Buffers                                                            ; Off                ; Off                ;
; Ignore CASCADE Buffers                                                          ; Off                ; Off                ;
; Ignore GLOBAL Buffers                                                           ; Off                ; Off                ;
; Ignore ROW GLOBAL Buffers                                                       ; Off                ; Off                ;
; Ignore LCELL Buffers                                                            ; Off                ; Off                ;
; Ignore SOFT Buffers                                                             ; On                 ; On                 ;
; Limit AHDL Integers to 32 Bits                                                  ; Off                ; Off                ;
; Optimization Technique                                                          ; Balanced           ; Balanced           ;
; Carry Chain Length                                                              ; 70                 ; 70                 ;
; Auto Carry Chains                                                               ; On                 ; On                 ;
; Auto Open-Drain Pins                                                            ; On                 ; On                 ;
; Perform WYSIWYG Primitive Resynthesis                                           ; Off                ; Off                ;
; Auto ROM Replacement                                                            ; On                 ; On                 ;
; Auto RAM Replacement                                                            ; On                 ; On                 ;
; Auto DSP Block Replacement                                                      ; On                 ; On                 ;
; Auto Shift Register Replacement                                                 ; Auto               ; Auto               ;
; Allow Shift Register Merging across Hierarchies                                 ; Auto               ; Auto               ;
; Auto Clock Enable Replacement                                                   ; On                 ; On                 ;
; Strict RAM Replacement                                                          ; Off                ; Off                ;
; Allow Synchronous Control Signals                                               ; On                 ; On                 ;
; Force Use of Synchronous Clear Signals                                          ; Off                ; Off                ;
; Auto Resource Sharing                                                           ; Off                ; Off                ;
; Allow Any RAM Size For Recognition                                              ; Off                ; Off                ;
; Allow Any ROM Size For Recognition                                              ; Off                ; Off                ;
; Allow Any Shift Register Size For Recognition                                   ; Off                ; Off                ;
; Use LogicLock Constraints during Resource Balancing                             ; On                 ; On                 ;
; Ignore translate_off and synthesis_off directives                               ; Off                ; Off                ;
; Timing-Driven Synthesis                                                         ; On                 ; On                 ;
; Report Parameter Settings                                                       ; On                 ; On                 ;
; Report Source Assignments                                                       ; On                 ; On                 ;
; Report Connectivity Checks                                                      ; On                 ; On                 ;
; Ignore Maximum Fan-Out Assignments                                              ; Off                ; Off                ;
; Synchronization Register Chain Length                                           ; 3                  ; 3                  ;
; Power Optimization During Synthesis                                             ; Normal compilation ; Normal compilation ;
; HDL message level                                                               ; Level2             ; Level2             ;
; Suppress Register Optimization Related Messages                                 ; Off                ; Off                ;
; Number of Removed Registers Reported in Synthesis Report                        ; 5000               ; 5000               ;
; Number of Swept Nodes Reported in Synthesis Report                              ; 5000               ; 5000               ;
; Number of Inverted Registers Reported in Synthesis Report                       ; 100                ; 100                ;
; Clock MUX Protection                                                            ; On                 ; On                 ;
; Auto Gated Clock Conversion                                                     ; Off                ; Off                ;
; Block Design Naming                                                             ; Auto               ; Auto               ;
; SDC constraint protection                                                       ; Off                ; Off                ;
; Synthesis Effort                                                                ; Auto               ; Auto               ;
; Shift Register Replacement - Allow Asynchronous Clear Signal                    ; On                 ; On                 ;
; Pre-Mapping Resynthesis Optimization                                            ; Off                ; Off                ;
; Analysis & Synthesis Message Level                                              ; Medium             ; Medium             ;
; Disable Register Merging Across Hierarchies                                     ; Auto               ; Auto               ;
; Resource Aware Inference For Block RAM                                          ; On                 ; On                 ;
; Automatic Parallel Synthesis                                                    ; On                 ; On                 ;
; Partial Reconfiguration Bitstream ID                                            ; Off                ; Off                ;
+---------------------------------------------------------------------------------+--------------------+--------------------+


+------------------------------------------+
; Parallel Compilation                     ;
+----------------------------+-------------+
; Processors                 ; Number      ;
+----------------------------+-------------+
; Number detected on machine ; 12          ;
; Maximum allowed            ; 12          ;
;                            ;             ;
; Average used               ; 1.00        ;
; Maximum used               ; 12          ;
;                            ;             ;
; Usage by Processor         ; % Time Used ;
;     Processor 1            ; 100.0%      ;
;     Processors 2-12        ;   0.0%      ;
+----------------------------+-------------+


+------------------------------------------------------------------------------------------------------------------------------------------------------------------------------------------+
; Analysis & Synthesis Source Files Read                                                                                                                                                   ;
+----------------------------------+-----------------+------------------------------+--------------------------------------------------------------------------------------------+---------+
; File Name with User-Entered Path ; Used in Netlist ; File Type                    ; File Name with Absolute Path                                                               ; Library ;
+----------------------------------+-----------------+------------------------------+--------------------------------------------------------------------------------------------+---------+
; vga.sv                           ; yes             ; User SystemVerilog HDL File  ; C:/Users/valva/Documents/GitHub/CE3201_LAB01/Laboratorio #3/vga/vga.sv                     ;         ;
; lpm_divide.tdf                   ; yes             ; Megafunction                 ; c:/intelfpga/22.1std/quartus/libraries/megafunctions/lpm_divide.tdf                        ;         ;
; abs_divider.inc                  ; yes             ; Megafunction                 ; c:/intelfpga/22.1std/quartus/libraries/megafunctions/abs_divider.inc                       ;         ;
; sign_div_unsign.inc              ; yes             ; Megafunction                 ; c:/intelfpga/22.1std/quartus/libraries/megafunctions/sign_div_unsign.inc                   ;         ;
; aglobal221.inc                   ; yes             ; Megafunction                 ; c:/intelfpga/22.1std/quartus/libraries/megafunctions/aglobal221.inc                        ;         ;
; db/lpm_divide_lbm.tdf            ; yes             ; Auto-Generated Megafunction  ; C:/Users/valva/Documents/GitHub/CE3201_LAB01/Laboratorio #3/vga/db/lpm_divide_lbm.tdf      ;         ;
; db/sign_div_unsign_rlh.tdf       ; yes             ; Auto-Generated Megafunction  ; C:/Users/valva/Documents/GitHub/CE3201_LAB01/Laboratorio #3/vga/db/sign_div_unsign_rlh.tdf ;         ;
; db/alt_u_div_sve.tdf             ; yes             ; Auto-Generated Megafunction  ; C:/Users/valva/Documents/GitHub/CE3201_LAB01/Laboratorio #3/vga/db/alt_u_div_sve.tdf       ;         ;
+----------------------------------+-----------------+------------------------------+--------------------------------------------------------------------------------------------+---------+


+-----------------------------------------------------------------------------+
; Analysis & Synthesis Resource Usage Summary                                 ;
+---------------------------------------------+-------------------------------+
; Resource                                    ; Usage                         ;
+---------------------------------------------+-------------------------------+
; Estimate of Logic utilization (ALMs needed) ; 266                           ;
;                                             ;                               ;
; Combinational ALUT usage for logic          ; 513                           ;
;     -- 7 input functions                    ; 0                             ;
;     -- 6 input functions                    ; 18                            ;
;     -- 5 input functions                    ; 25                            ;
;     -- 4 input functions                    ; 91                            ;
;     -- <=3 input functions                  ; 379                           ;
;                                             ;                               ;
; Dedicated logic registers                   ; 22                            ;
;                                             ;                               ;
; I/O pins                                    ; 122                           ;
;                                             ;                               ;
; Total DSP Blocks                            ; 2                             ;
;                                             ;                               ;
; Maximum fan-out node                        ; clock_divider:clk_div|clk_out ;
; Maximum fan-out                             ; 21                            ;
; Total fan-out                               ; 1764                          ;
; Average fan-out                             ; 2.26                          ;
+---------------------------------------------+-------------------------------+


+---------------------------------------------------------------------------------------------------------------------------------------------------------------------------------------------------------------------------------------------------------------------------------------------------------------------------------------------------+
; Analysis & Synthesis Resource Utilization by Entity                                                                                                                                                                                                                                                                                               ;
+----------------------------------------------+---------------------+---------------------------+-------------------+------------+------+--------------+-------------------------------------------------------------------------------------------------------------------------------------------------+--------------------------+--------------+
; Compilation Hierarchy Node                   ; Combinational ALUTs ; Dedicated Logic Registers ; Block Memory Bits ; DSP Blocks ; Pins ; Virtual Pins ; Full Hierarchy Name                                                                                                                             ; Entity Name              ; Library Name ;
+----------------------------------------------+---------------------+---------------------------+-------------------+------------+------+--------------+-------------------------------------------------------------------------------------------------------------------------------------------------+--------------------------+--------------+
; |vga                                         ; 513 (18)            ; 22 (0)                    ; 0                 ; 2          ; 122  ; 0            ; |vga                                                                                                                                            ; vga                      ; work         ;
;    |board_drawer:brd_drwr|                   ; 464 (0)             ; 0 (0)                     ; 0                 ; 2          ; 0    ; 0            ; |vga|board_drawer:brd_drwr                                                                                                                      ; board_drawer             ; work         ;
;       |grid_calculator:grid|                 ; 359 (23)            ; 0 (0)                     ; 0                 ; 2          ; 0    ; 0            ; |vga|board_drawer:brd_drwr|grid_calculator:grid                                                                                                 ; grid_calculator          ; work         ;
;          |lpm_divide:Div0|                   ; 168 (0)             ; 0 (0)                     ; 0                 ; 0          ; 0    ; 0            ; |vga|board_drawer:brd_drwr|grid_calculator:grid|lpm_divide:Div0                                                                                 ; lpm_divide               ; work         ;
;             |lpm_divide_lbm:auto_generated|  ; 168 (0)             ; 0 (0)                     ; 0                 ; 0          ; 0    ; 0            ; |vga|board_drawer:brd_drwr|grid_calculator:grid|lpm_divide:Div0|lpm_divide_lbm:auto_generated                                                   ; lpm_divide_lbm           ; work         ;
;                |sign_div_unsign_rlh:divider| ; 168 (0)             ; 0 (0)                     ; 0                 ; 0          ; 0    ; 0            ; |vga|board_drawer:brd_drwr|grid_calculator:grid|lpm_divide:Div0|lpm_divide_lbm:auto_generated|sign_div_unsign_rlh:divider                       ; sign_div_unsign_rlh      ; work         ;
;                   |alt_u_div_sve:divider|    ; 168 (168)           ; 0 (0)                     ; 0                 ; 0          ; 0    ; 0            ; |vga|board_drawer:brd_drwr|grid_calculator:grid|lpm_divide:Div0|lpm_divide_lbm:auto_generated|sign_div_unsign_rlh:divider|alt_u_div_sve:divider ; alt_u_div_sve            ; work         ;
;          |lpm_divide:Div1|                   ; 168 (0)             ; 0 (0)                     ; 0                 ; 0          ; 0    ; 0            ; |vga|board_drawer:brd_drwr|grid_calculator:grid|lpm_divide:Div1                                                                                 ; lpm_divide               ; work         ;
;             |lpm_divide_lbm:auto_generated|  ; 168 (0)             ; 0 (0)                     ; 0                 ; 0          ; 0    ; 0            ; |vga|board_drawer:brd_drwr|grid_calculator:grid|lpm_divide:Div1|lpm_divide_lbm:auto_generated                                                   ; lpm_divide_lbm           ; work         ;
;                |sign_div_unsign_rlh:divider| ; 168 (0)             ; 0 (0)                     ; 0                 ; 0          ; 0    ; 0            ; |vga|board_drawer:brd_drwr|grid_calculator:grid|lpm_divide:Div1|lpm_divide_lbm:auto_generated|sign_div_unsign_rlh:divider                       ; sign_div_unsign_rlh      ; work         ;
;                   |alt_u_div_sve:divider|    ; 168 (168)           ; 0 (0)                     ; 0                 ; 0          ; 0    ; 0            ; |vga|board_drawer:brd_drwr|grid_calculator:grid|lpm_divide:Div1|lpm_divide_lbm:auto_generated|sign_div_unsign_rlh:divider|alt_u_div_sve:divider ; alt_u_div_sve            ; work         ;
;       |pixel_drawer:drawer|                  ; 14 (14)             ; 0 (0)                     ; 0                 ; 0          ; 0    ; 0            ; |vga|board_drawer:brd_drwr|pixel_drawer:drawer                                                                                                  ; pixel_drawer             ; work         ;
;       |player_labels_calculator:labels|      ; 51 (51)             ; 0 (0)                     ; 0                 ; 0          ; 0    ; 0            ; |vga|board_drawer:brd_drwr|player_labels_calculator:labels                                                                                      ; player_labels_calculator ; work         ;
;       |select_calculator:select|             ; 40 (40)             ; 0 (0)                     ; 0                 ; 0          ; 0    ; 0            ; |vga|board_drawer:brd_drwr|select_calculator:select                                                                                             ; select_calculator        ; work         ;
;    |clock_divider:clk_div|                   ; 1 (1)               ; 2 (2)                     ; 0                 ; 0          ; 0    ; 0            ; |vga|clock_divider:clk_div                                                                                                                      ; clock_divider            ; work         ;
;    |vga_controller:vga_ctrl|                 ; 30 (30)             ; 20 (20)                   ; 0                 ; 0          ; 0    ; 0            ; |vga|vga_controller:vga_ctrl                                                                                                                    ; vga_controller           ; work         ;
+----------------------------------------------+---------------------+---------------------------+-------------------+------------+------+--------------+-------------------------------------------------------------------------------------------------------------------------------------------------+--------------------------+--------------+
Note: For table entries with two numbers listed, the numbers in parentheses indicate the number of resources of the given type used by the specific entity alone. The numbers listed outside of parentheses indicate the total resources of the given type used by the specific entity and all of its sub-entities in the hierarchy.


+-----------------------------------------------+
; Analysis & Synthesis DSP Block Usage Summary  ;
+---------------------------------+-------------+
; Statistic                       ; Number Used ;
+---------------------------------+-------------+
; Independent 18x18 plus 36       ; 2           ;
; Total number of DSP blocks      ; 2           ;
;                                 ;             ;
; Fixed Point Unsigned Multiplier ; 2           ;
+---------------------------------+-------------+


+------------------------------------------------------------+
; Logic Cells Representing Combinational Loops               ;
+--------------------------------------------------------+---+
; Logic Cell Name                                        ;   ;
+--------------------------------------------------------+---+
; b[0]~0                                                 ;   ;
; Number of logic cells representing combinational loops ; 1 ;
+--------------------------------------------------------+---+
Note: All cells listed above may not be present at the end of synthesis due to various synthesis optimizations.


+--------------------------------------------------------------------------------+
; Registers Removed During Synthesis                                             ;
+---------------------------------------+----------------------------------------+
; Register name                         ; Reason for Removal                     ;
+---------------------------------------+----------------------------------------+
; clock_divider:clk_div|counter[1]      ; Stuck at GND due to stuck port data_in ;
; Total Number of Removed Registers = 1 ;                                        ;
+---------------------------------------+----------------------------------------+


+------------------------------------------------------+
; General Register Statistics                          ;
+----------------------------------------------+-------+
; Statistic                                    ; Value ;
+----------------------------------------------+-------+
; Total registers                              ; 22    ;
; Number of registers using Synchronous Clear  ; 20    ;
; Number of registers using Synchronous Load   ; 0     ;
; Number of registers using Asynchronous Clear ; 0     ;
; Number of registers using Asynchronous Load  ; 0     ;
; Number of registers using Clock Enable       ; 10    ;
; Number of registers using Preset             ; 0     ;
+----------------------------------------------+-------+


+--------------------------------------------------+
; Inverted Register Statistics                     ;
+----------------------------------------+---------+
; Inverted Register                      ; Fan out ;
+----------------------------------------+---------+
; clock_divider:clk_div|counter[0]       ; 2       ;
; Total number of inverted registers = 1 ;         ;
+----------------------------------------+---------+


+-----------------------------------------------------------------------------------------------------------------------------------------------------------------------------+
; Multiplexer Restructuring Statistics (Restructuring Performed)                                                                                                              ;
+--------------------+-----------+---------------+----------------------+------------------------+------------+---------------------------------------------------------------+
; Multiplexer Inputs ; Bus Width ; Baseline Area ; Area if Restructured ; Saving if Restructured ; Registered ; Example Multiplexer Output                                    ;
+--------------------+-----------+---------------+----------------------+------------------------+------------+---------------------------------------------------------------+
; 5:1                ; 2 bits    ; 6 LEs         ; 6 LEs                ; 0 LEs                  ; No         ; |vga|board_drawer:brd_drwr|pixel_drawer:drawer|pixel_color[0] ;
+--------------------+-----------+---------------+----------------------+------------------------+------------+---------------------------------------------------------------+


+--------------------------------------------------------------------+
; Parameter Settings for User Entity Instance: clock_divider:clk_div ;
+----------------+-------+-------------------------------------------+
; Parameter Name ; Value ; Type                                      ;
+----------------+-------+-------------------------------------------+
; DIV            ; 2     ; Signed Integer                            ;
+----------------+-------+-------------------------------------------+
Note: In order to hide this table in the UI and the text report file, please set the "Show Parameter Settings in Synthesis Report" option in "Analysis and Synthesis Settings -> More Settings" to "Off".


+----------------------------------------------------------------------+
; Parameter Settings for User Entity Instance: vga_controller:vga_ctrl ;
+----------------+------------+----------------------------------------+
; Parameter Name ; Value      ; Type                                   ;
+----------------+------------+----------------------------------------+
; H_ACTIVE       ; 1010000000 ; Unsigned Binary                        ;
; H_FP           ; 0000010000 ; Unsigned Binary                        ;
; H_SYN          ; 0001100000 ; Unsigned Binary                        ;
; H_BP           ; 0000110000 ; Unsigned Binary                        ;
; H_MAX          ; 1100100000 ; Unsigned Binary                        ;
; V_BP           ; 0000100000 ; Unsigned Binary                        ;
; V_ACTIVE       ; 0111100000 ; Unsigned Binary                        ;
; V_FP           ; 0000001011 ; Unsigned Binary                        ;
; V_SYN          ; 0000000010 ; Unsigned Binary                        ;
; V_MAX          ; 1000001101 ; Unsigned Binary                        ;
+----------------+------------+----------------------------------------+
Note: In order to hide this table in the UI and the text report file, please set the "Show Parameter Settings in Synthesis Report" option in "Analysis and Synthesis Settings -> More Settings" to "Off".


+-------------------------------------------------------------------------------------------------------------+
; Parameter Settings for Inferred Entity Instance: board_drawer:brd_drwr|grid_calculator:grid|lpm_divide:Div1 ;
+------------------------+----------------+-------------------------------------------------------------------+
; Parameter Name         ; Value          ; Type                                                              ;
+------------------------+----------------+-------------------------------------------------------------------+
; LPM_WIDTHN             ; 32             ; Untyped                                                           ;
; LPM_WIDTHD             ; 7              ; Untyped                                                           ;
; LPM_NREPRESENTATION    ; UNSIGNED       ; Untyped                                                           ;
; LPM_DREPRESENTATION    ; UNSIGNED       ; Untyped                                                           ;
; LPM_PIPELINE           ; 0              ; Untyped                                                           ;
; LPM_REMAINDERPOSITIVE  ; TRUE           ; Untyped                                                           ;
; MAXIMIZE_SPEED         ; 5              ; Untyped                                                           ;
; CBXI_PARAMETER         ; lpm_divide_lbm ; Untyped                                                           ;
; CARRY_CHAIN            ; MANUAL         ; Untyped                                                           ;
; OPTIMIZE_FOR_SPEED     ; 5              ; Untyped                                                           ;
; AUTO_CARRY_CHAINS      ; ON             ; AUTO_CARRY                                                        ;
; IGNORE_CARRY_BUFFERS   ; OFF            ; IGNORE_CARRY                                                      ;
; AUTO_CASCADE_CHAINS    ; ON             ; AUTO_CASCADE                                                      ;
; IGNORE_CASCADE_BUFFERS ; OFF            ; IGNORE_CASCADE                                                    ;
+------------------------+----------------+-------------------------------------------------------------------+
Note: In order to hide this table in the UI and the text report file, please set the "Show Parameter Settings in Synthesis Report" option in "Analysis and Synthesis Settings -> More Settings" to "Off".


+-------------------------------------------------------------------------------------------------------------+
; Parameter Settings for Inferred Entity Instance: board_drawer:brd_drwr|grid_calculator:grid|lpm_divide:Div0 ;
+------------------------+----------------+-------------------------------------------------------------------+
; Parameter Name         ; Value          ; Type                                                              ;
+------------------------+----------------+-------------------------------------------------------------------+
; LPM_WIDTHN             ; 32             ; Untyped                                                           ;
; LPM_WIDTHD             ; 7              ; Untyped                                                           ;
; LPM_NREPRESENTATION    ; UNSIGNED       ; Untyped                                                           ;
; LPM_DREPRESENTATION    ; UNSIGNED       ; Untyped                                                           ;
; LPM_PIPELINE           ; 0              ; Untyped                                                           ;
; LPM_REMAINDERPOSITIVE  ; TRUE           ; Untyped                                                           ;
; MAXIMIZE_SPEED         ; 5              ; Untyped                                                           ;
; CBXI_PARAMETER         ; lpm_divide_lbm ; Untyped                                                           ;
; CARRY_CHAIN            ; MANUAL         ; Untyped                                                           ;
; OPTIMIZE_FOR_SPEED     ; 5              ; Untyped                                                           ;
; AUTO_CARRY_CHAINS      ; ON             ; AUTO_CARRY                                                        ;
; IGNORE_CARRY_BUFFERS   ; OFF            ; IGNORE_CARRY                                                      ;
; AUTO_CASCADE_CHAINS    ; ON             ; AUTO_CASCADE                                                      ;
; IGNORE_CASCADE_BUFFERS ; OFF            ; IGNORE_CASCADE                                                    ;
+------------------------+----------------+-------------------------------------------------------------------+
Note: In order to hide this table in the UI and the text report file, please set the "Show Parameter Settings in Synthesis Report" option in "Analysis and Synthesis Settings -> More Settings" to "Off".


+------------------------------------------------------------------------------------------------------------------------------+
; Port Connectivity Checks: "board_drawer:brd_drwr"                                                                            ;
+--------------------+--------+----------+-------------------------------------------------------------------------------------+
; Port               ; Type   ; Severity ; Details                                                                             ;
+--------------------+--------+----------+-------------------------------------------------------------------------------------+
; pixel_color[23..2] ; Output ; Info     ; Connected to dangling logic. Logic that only feeds a dangling port will be removed. ;
+--------------------+--------+----------+-------------------------------------------------------------------------------------+


+-----------------------------------------------------+
; Post-Synthesis Netlist Statistics for Top Partition ;
+-----------------------+-----------------------------+
; Type                  ; Count                       ;
+-----------------------+-----------------------------+
; arriav_ff             ; 22                          ;
;     ENA SCLR          ; 10                          ;
;     SCLR              ; 10                          ;
;     plain             ; 2                           ;
; arriav_lcell_comb     ; 515                         ;
;     arith             ; 283                         ;
;         0 data inputs ; 40                          ;
;         1 data inputs ; 101                         ;
;         2 data inputs ; 11                          ;
;         3 data inputs ; 77                          ;
;         4 data inputs ; 54                          ;
;     normal            ; 216                         ;
;         0 data inputs ; 1                           ;
;         1 data inputs ; 2                           ;
;         2 data inputs ; 81                          ;
;         3 data inputs ; 52                          ;
;         4 data inputs ; 37                          ;
;         5 data inputs ; 25                          ;
;         6 data inputs ; 18                          ;
;     shared            ; 16                          ;
;         0 data inputs ; 6                           ;
;         1 data inputs ; 10                          ;
; arriav_mac            ; 2                           ;
; boundary_port         ; 122                         ;
;                       ;                             ;
; Max LUT depth         ; 19.70                       ;
; Average LUT depth     ; 13.82                       ;
+-----------------------+-----------------------------+


+-------------------------------+
; Elapsed Time Per Partition    ;
+----------------+--------------+
; Partition Name ; Elapsed Time ;
+----------------+--------------+
; Top            ; 00:00:01     ;
+----------------+--------------+


+-------------------------------+
; Analysis & Synthesis Messages ;
+-------------------------------+
Info: *******************************************************************
Info: Running Quartus Prime Analysis & Synthesis
    Info: Version 22.1std.2 Build 922 07/20/2023 SC Lite Edition
    Info: Processing started: Wed May  7 04:59:20 2025
Info: Command: quartus_map --read_settings_files=on --write_settings_files=off vga -c vga
Warning (18236): Number of processors has not been specified which may cause overloading on shared machines.  Set the global assignment NUM_PARALLEL_PROCESSORS in your QSF to an appropriate value for best performance.
Info (20030): Parallel compilation is enabled and will use 12 of the 12 processors detected
Info (12021): Found 10 design units, including 9 entities, in source file vga.sv
    Info (12022): Found design unit 1: BoardConstants (SystemVerilog) File: C:/Users/valva/Documents/GitHub/CE3201_LAB01/Laboratorio #3/vga/vga.sv Line: 2
    Info (12023): Found entity 1: vga File: C:/Users/valva/Documents/GitHub/CE3201_LAB01/Laboratorio #3/vga/vga.sv Line: 36
    Info (12023): Found entity 2: clock_divider File: C:/Users/valva/Documents/GitHub/CE3201_LAB01/Laboratorio #3/vga/vga.sv Line: 93
    Info (12023): Found entity 3: vga_controller File: C:/Users/valva/Documents/GitHub/CE3201_LAB01/Laboratorio #3/vga/vga.sv Line: 113
    Info (12023): Found entity 4: board_init File: C:/Users/valva/Documents/GitHub/CE3201_LAB01/Laboratorio #3/vga/vga.sv Line: 159
    Info (12023): Found entity 5: grid_calculator File: C:/Users/valva/Documents/GitHub/CE3201_LAB01/Laboratorio #3/vga/vga.sv Line: 220
    Info (12023): Found entity 6: player_labels_calculator File: C:/Users/valva/Documents/GitHub/CE3201_LAB01/Laboratorio #3/vga/vga.sv Line: 285
    Info (12023): Found entity 7: select_calculator File: C:/Users/valva/Documents/GitHub/CE3201_LAB01/Laboratorio #3/vga/vga.sv Line: 397
    Info (12023): Found entity 8: pixel_drawer File: C:/Users/valva/Documents/GitHub/CE3201_LAB01/Laboratorio #3/vga/vga.sv Line: 464
    Info (12023): Found entity 9: board_drawer File: C:/Users/valva/Documents/GitHub/CE3201_LAB01/Laboratorio #3/vga/vga.sv Line: 513
Warning (10236): Verilog HDL Implicit Net warning at vga.sv(296): created implicit net for "in_p1_label_area" File: C:/Users/valva/Documents/GitHub/CE3201_LAB01/Laboratorio #3/vga/vga.sv Line: 296
Warning (10236): Verilog HDL Implicit Net warning at vga.sv(300): created implicit net for "in_p2_label_area" File: C:/Users/valva/Documents/GitHub/CE3201_LAB01/Laboratorio #3/vga/vga.sv Line: 300
Info (12127): Elaborating entity "vga" for the top level hierarchy
Info (10008): Verilog HDL or VHDL information: EDA Netlist Writer cannot regroup multidimensional array "board" into its bus
Info (10008): Verilog HDL or VHDL information: EDA Netlist Writer cannot regroup multidimensional array "board" into its bus
Info (12128): Elaborating entity "clock_divider" for hierarchy "clock_divider:clk_div" File: C:/Users/valva/Documents/GitHub/CE3201_LAB01/Laboratorio #3/vga/vga.sv Line: 65
Warning (10230): Verilog HDL assignment warning at vga.sv(97): truncated value with size 32 to match size of target (2) File: C:/Users/valva/Documents/GitHub/CE3201_LAB01/Laboratorio #3/vga/vga.sv Line: 97
Warning (10230): Verilog HDL assignment warning at vga.sv(101): truncated value with size 32 to match size of target (2) File: C:/Users/valva/Documents/GitHub/CE3201_LAB01/Laboratorio #3/vga/vga.sv Line: 101
Info (12128): Elaborating entity "vga_controller" for hierarchy "vga_controller:vga_ctrl" File: C:/Users/valva/Documents/GitHub/CE3201_LAB01/Laboratorio #3/vga/vga.sv Line: 75
Info (12128): Elaborating entity "board_drawer" for hierarchy "board_drawer:brd_drwr" File: C:/Users/valva/Documents/GitHub/CE3201_LAB01/Laboratorio #3/vga/vga.sv Line: 86
Info (10008): Verilog HDL or VHDL information: EDA Netlist Writer cannot regroup multidimensional array "board" into its bus
Info (10008): Verilog HDL or VHDL information: EDA Netlist Writer cannot regroup multidimensional array "board" into its bus
Info (12128): Elaborating entity "grid_calculator" for hierarchy "board_drawer:brd_drwr|grid_calculator:grid" File: C:/Users/valva/Documents/GitHub/CE3201_LAB01/Laboratorio #3/vga/vga.sv Line: 538
Warning (10230): Verilog HDL assignment warning at vga.sv(238): truncated value with size 32 to match size of target (3) File: C:/Users/valva/Documents/GitHub/CE3201_LAB01/Laboratorio #3/vga/vga.sv Line: 238
Warning (10230): Verilog HDL assignment warning at vga.sv(239): truncated value with size 32 to match size of target (3) File: C:/Users/valva/Documents/GitHub/CE3201_LAB01/Laboratorio #3/vga/vga.sv Line: 239
Warning (10230): Verilog HDL assignment warning at vga.sv(240): truncated value with size 32 to match size of target (10) File: C:/Users/valva/Documents/GitHub/CE3201_LAB01/Laboratorio #3/vga/vga.sv Line: 240
Warning (10230): Verilog HDL assignment warning at vga.sv(241): truncated value with size 32 to match size of target (10) File: C:/Users/valva/Documents/GitHub/CE3201_LAB01/Laboratorio #3/vga/vga.sv Line: 241
Warning (10230): Verilog HDL assignment warning at vga.sv(261): truncated value with size 32 to match size of target (10) File: C:/Users/valva/Documents/GitHub/CE3201_LAB01/Laboratorio #3/vga/vga.sv Line: 261
Warning (10230): Verilog HDL assignment warning at vga.sv(262): truncated value with size 32 to match size of target (10) File: C:/Users/valva/Documents/GitHub/CE3201_LAB01/Laboratorio #3/vga/vga.sv Line: 262
Info (12128): Elaborating entity "player_labels_calculator" for hierarchy "board_drawer:brd_drwr|player_labels_calculator:labels" File: C:/Users/valva/Documents/GitHub/CE3201_LAB01/Laboratorio #3/vga/vga.sv Line: 546
Warning (10230): Verilog HDL assignment warning at vga.sv(305): truncated value with size 32 to match size of target (10) File: C:/Users/valva/Documents/GitHub/CE3201_LAB01/Laboratorio #3/vga/vga.sv Line: 305
Warning (10230): Verilog HDL assignment warning at vga.sv(306): truncated value with size 32 to match size of target (10) File: C:/Users/valva/Documents/GitHub/CE3201_LAB01/Laboratorio #3/vga/vga.sv Line: 306
Warning (10230): Verilog HDL assignment warning at vga.sv(307): truncated value with size 32 to match size of target (10) File: C:/Users/valva/Documents/GitHub/CE3201_LAB01/Laboratorio #3/vga/vga.sv Line: 307
Warning (10230): Verilog HDL assignment warning at vga.sv(308): truncated value with size 32 to match size of target (10) File: C:/Users/valva/Documents/GitHub/CE3201_LAB01/Laboratorio #3/vga/vga.sv Line: 308
Info (12128): Elaborating entity "select_calculator" for hierarchy "board_drawer:brd_drwr|select_calculator:select" File: C:/Users/valva/Documents/GitHub/CE3201_LAB01/Laboratorio #3/vga/vga.sv Line: 554
Warning (10230): Verilog HDL assignment warning at vga.sv(412): truncated value with size 32 to match size of target (10) File: C:/Users/valva/Documents/GitHub/CE3201_LAB01/Laboratorio #3/vga/vga.sv Line: 412
Warning (10230): Verilog HDL assignment warning at vga.sv(413): truncated value with size 32 to match size of target (10) File: C:/Users/valva/Documents/GitHub/CE3201_LAB01/Laboratorio #3/vga/vga.sv Line: 413
Warning (10230): Verilog HDL assignment warning at vga.sv(414): truncated value with size 32 to match size of target (10) File: C:/Users/valva/Documents/GitHub/CE3201_LAB01/Laboratorio #3/vga/vga.sv Line: 414
Warning (10230): Verilog HDL assignment warning at vga.sv(415): truncated value with size 32 to match size of target (10) File: C:/Users/valva/Documents/GitHub/CE3201_LAB01/Laboratorio #3/vga/vga.sv Line: 415
Warning (10230): Verilog HDL assignment warning at vga.sv(416): truncated value with size 32 to match size of target (10) File: C:/Users/valva/Documents/GitHub/CE3201_LAB01/Laboratorio #3/vga/vga.sv Line: 416
Warning (10230): Verilog HDL assignment warning at vga.sv(417): truncated value with size 32 to match size of target (10) File: C:/Users/valva/Documents/GitHub/CE3201_LAB01/Laboratorio #3/vga/vga.sv Line: 417
Warning (10230): Verilog HDL assignment warning at vga.sv(418): truncated value with size 32 to match size of target (10) File: C:/Users/valva/Documents/GitHub/CE3201_LAB01/Laboratorio #3/vga/vga.sv Line: 418
Warning (10230): Verilog HDL assignment warning at vga.sv(426): truncated value with size 32 to match size of target (10) File: C:/Users/valva/Documents/GitHub/CE3201_LAB01/Laboratorio #3/vga/vga.sv Line: 426
Warning (10230): Verilog HDL assignment warning at vga.sv(427): truncated value with size 32 to match size of target (10) File: C:/Users/valva/Documents/GitHub/CE3201_LAB01/Laboratorio #3/vga/vga.sv Line: 427
Warning (10230): Verilog HDL assignment warning at vga.sv(434): truncated value with size 32 to match size of target (10) File: C:/Users/valva/Documents/GitHub/CE3201_LAB01/Laboratorio #3/vga/vga.sv Line: 434
Warning (10230): Verilog HDL assignment warning at vga.sv(435): truncated value with size 32 to match size of target (10) File: C:/Users/valva/Documents/GitHub/CE3201_LAB01/Laboratorio #3/vga/vga.sv Line: 435
Info (12128): Elaborating entity "pixel_drawer" for hierarchy "board_drawer:brd_drwr|pixel_drawer:drawer" File: C:/Users/valva/Documents/GitHub/CE3201_LAB01/Laboratorio #3/vga/vga.sv Line: 569
Info (10008): Verilog HDL or VHDL information: EDA Netlist Writer cannot regroup multidimensional array "board" into its bus
Info (10008): Verilog HDL or VHDL information: EDA Netlist Writer cannot regroup multidimensional array "board" into its bus
Info (278001): Inferred 2 megafunctions from design logic
    Info (278004): Inferred divider/modulo megafunction ("lpm_divide") from the following logic: "board_drawer:brd_drwr|grid_calculator:grid|Div1" File: C:/Users/valva/Documents/GitHub/CE3201_LAB01/Laboratorio #3/vga/vga.sv Line: 239
    Info (278004): Inferred divider/modulo megafunction ("lpm_divide") from the following logic: "board_drawer:brd_drwr|grid_calculator:grid|Div0" File: C:/Users/valva/Documents/GitHub/CE3201_LAB01/Laboratorio #3/vga/vga.sv Line: 238
Info (12130): Elaborated megafunction instantiation "board_drawer:brd_drwr|grid_calculator:grid|lpm_divide:Div1" File: C:/Users/valva/Documents/GitHub/CE3201_LAB01/Laboratorio #3/vga/vga.sv Line: 239
Info (12133): Instantiated megafunction "board_drawer:brd_drwr|grid_calculator:grid|lpm_divide:Div1" with the following parameter: File: C:/Users/valva/Documents/GitHub/CE3201_LAB01/Laboratorio #3/vga/vga.sv Line: 239
    Info (12134): Parameter "LPM_WIDTHN" = "32"
    Info (12134): Parameter "LPM_WIDTHD" = "7"
    Info (12134): Parameter "LPM_NREPRESENTATION" = "UNSIGNED"
    Info (12134): Parameter "LPM_DREPRESENTATION" = "UNSIGNED"
Info (12021): Found 1 design units, including 1 entities, in source file db/lpm_divide_lbm.tdf
    Info (12023): Found entity 1: lpm_divide_lbm File: C:/Users/valva/Documents/GitHub/CE3201_LAB01/Laboratorio #3/vga/db/lpm_divide_lbm.tdf Line: 25
Info (12021): Found 1 design units, including 1 entities, in source file db/sign_div_unsign_rlh.tdf
    Info (12023): Found entity 1: sign_div_unsign_rlh File: C:/Users/valva/Documents/GitHub/CE3201_LAB01/Laboratorio #3/vga/db/sign_div_unsign_rlh.tdf Line: 25
Info (12021): Found 1 design units, including 1 entities, in source file db/alt_u_div_sve.tdf
    Info (12023): Found entity 1: alt_u_div_sve File: C:/Users/valva/Documents/GitHub/CE3201_LAB01/Laboratorio #3/vga/db/alt_u_div_sve.tdf Line: 23
Warning (13024): Output pins are stuck at VCC or GND
    Warning (13410): Pin "r[0]" is stuck at GND File: C:/Users/valva/Documents/GitHub/CE3201_LAB01/Laboratorio #3/vga/vga.sv Line: 49
    Warning (13410): Pin "r[1]" is stuck at GND File: C:/Users/valva/Documents/GitHub/CE3201_LAB01/Laboratorio #3/vga/vga.sv Line: 49
    Warning (13410): Pin "r[2]" is stuck at GND File: C:/Users/valva/Documents/GitHub/CE3201_LAB01/Laboratorio #3/vga/vga.sv Line: 49
    Warning (13410): Pin "r[3]" is stuck at GND File: C:/Users/valva/Documents/GitHub/CE3201_LAB01/Laboratorio #3/vga/vga.sv Line: 49
    Warning (13410): Pin "r[4]" is stuck at GND File: C:/Users/valva/Documents/GitHub/CE3201_LAB01/Laboratorio #3/vga/vga.sv Line: 49
    Warning (13410): Pin "r[5]" is stuck at GND File: C:/Users/valva/Documents/GitHub/CE3201_LAB01/Laboratorio #3/vga/vga.sv Line: 49
    Warning (13410): Pin "r[6]" is stuck at GND File: C:/Users/valva/Documents/GitHub/CE3201_LAB01/Laboratorio #3/vga/vga.sv Line: 49
    Warning (13410): Pin "r[7]" is stuck at GND File: C:/Users/valva/Documents/GitHub/CE3201_LAB01/Laboratorio #3/vga/vga.sv Line: 49
    Warning (13410): Pin "g[0]" is stuck at GND File: C:/Users/valva/Documents/GitHub/CE3201_LAB01/Laboratorio #3/vga/vga.sv Line: 49
    Warning (13410): Pin "g[1]" is stuck at GND File: C:/Users/valva/Documents/GitHub/CE3201_LAB01/Laboratorio #3/vga/vga.sv Line: 49
    Warning (13410): Pin "g[2]" is stuck at GND File: C:/Users/valva/Documents/GitHub/CE3201_LAB01/Laboratorio #3/vga/vga.sv Line: 49
    Warning (13410): Pin "g[3]" is stuck at GND File: C:/Users/valva/Documents/GitHub/CE3201_LAB01/Laboratorio #3/vga/vga.sv Line: 49
    Warning (13410): Pin "g[4]" is stuck at GND File: C:/Users/valva/Documents/GitHub/CE3201_LAB01/Laboratorio #3/vga/vga.sv Line: 49
    Warning (13410): Pin "g[5]" is stuck at GND File: C:/Users/valva/Documents/GitHub/CE3201_LAB01/Laboratorio #3/vga/vga.sv Line: 49
    Warning (13410): Pin "g[6]" is stuck at GND File: C:/Users/valva/Documents/GitHub/CE3201_LAB01/Laboratorio #3/vga/vga.sv Line: 49
    Warning (13410): Pin "g[7]" is stuck at GND File: C:/Users/valva/Documents/GitHub/CE3201_LAB01/Laboratorio #3/vga/vga.sv Line: 49
    Warning (13410): Pin "b[1]" is stuck at GND File: C:/Users/valva/Documents/GitHub/CE3201_LAB01/Laboratorio #3/vga/vga.sv Line: 50
    Warning (13410): Pin "b[2]" is stuck at GND File: C:/Users/valva/Documents/GitHub/CE3201_LAB01/Laboratorio #3/vga/vga.sv Line: 50
    Warning (13410): Pin "b[3]" is stuck at GND File: C:/Users/valva/Documents/GitHub/CE3201_LAB01/Laboratorio #3/vga/vga.sv Line: 50
    Warning (13410): Pin "b[4]" is stuck at GND File: C:/Users/valva/Documents/GitHub/CE3201_LAB01/Laboratorio #3/vga/vga.sv Line: 50
    Warning (13410): Pin "b[5]" is stuck at GND File: C:/Users/valva/Documents/GitHub/CE3201_LAB01/Laboratorio #3/vga/vga.sv Line: 50
    Warning (13410): Pin "b[6]" is stuck at GND File: C:/Users/valva/Documents/GitHub/CE3201_LAB01/Laboratorio #3/vga/vga.sv Line: 50
    Warning (13410): Pin "b[7]" is stuck at GND File: C:/Users/valva/Documents/GitHub/CE3201_LAB01/Laboratorio #3/vga/vga.sv Line: 50
Info (286030): Timing-Driven Synthesis is running
Info (16010): Generating hard_block partition "hard_block:auto_generated_inst"
    Info (16011): Adding 0 node(s), including 0 DDIO, 0 PLL, 0 transceiver and 0 LCELL
Warning (21074): Design contains 85 input pin(s) that do not drive logic
    Warning (15610): No output dependent on input pin "rst" File: C:/Users/valva/Documents/GitHub/CE3201_LAB01/Laboratorio #3/vga/vga.sv Line: 38
    Warning (15610): No output dependent on input pin "board[5][6][0]" File: C:/Users/valva/Documents/GitHub/CE3201_LAB01/Laboratorio #3/vga/vga.sv Line: 40
    Warning (15610): No output dependent on input pin "board[5][6][1]" File: C:/Users/valva/Documents/GitHub/CE3201_LAB01/Laboratorio #3/vga/vga.sv Line: 40
    Warning (15610): No output dependent on input pin "board[5][5][0]" File: C:/Users/valva/Documents/GitHub/CE3201_LAB01/Laboratorio #3/vga/vga.sv Line: 40
    Warning (15610): No output dependent on input pin "board[5][5][1]" File: C:/Users/valva/Documents/GitHub/CE3201_LAB01/Laboratorio #3/vga/vga.sv Line: 40
    Warning (15610): No output dependent on input pin "board[5][4][0]" File: C:/Users/valva/Documents/GitHub/CE3201_LAB01/Laboratorio #3/vga/vga.sv Line: 40
    Warning (15610): No output dependent on input pin "board[5][4][1]" File: C:/Users/valva/Documents/GitHub/CE3201_LAB01/Laboratorio #3/vga/vga.sv Line: 40
    Warning (15610): No output dependent on input pin "board[5][3][0]" File: C:/Users/valva/Documents/GitHub/CE3201_LAB01/Laboratorio #3/vga/vga.sv Line: 40
    Warning (15610): No output dependent on input pin "board[5][3][1]" File: C:/Users/valva/Documents/GitHub/CE3201_LAB01/Laboratorio #3/vga/vga.sv Line: 40
    Warning (15610): No output dependent on input pin "board[5][2][0]" File: C:/Users/valva/Documents/GitHub/CE3201_LAB01/Laboratorio #3/vga/vga.sv Line: 40
    Warning (15610): No output dependent on input pin "board[5][2][1]" File: C:/Users/valva/Documents/GitHub/CE3201_LAB01/Laboratorio #3/vga/vga.sv Line: 40
    Warning (15610): No output dependent on input pin "board[5][1][0]" File: C:/Users/valva/Documents/GitHub/CE3201_LAB01/Laboratorio #3/vga/vga.sv Line: 40
    Warning (15610): No output dependent on input pin "board[5][1][1]" File: C:/Users/valva/Documents/GitHub/CE3201_LAB01/Laboratorio #3/vga/vga.sv Line: 40
    Warning (15610): No output dependent on input pin "board[5][0][0]" File: C:/Users/valva/Documents/GitHub/CE3201_LAB01/Laboratorio #3/vga/vga.sv Line: 40
    Warning (15610): No output dependent on input pin "board[5][0][1]" File: C:/Users/valva/Documents/GitHub/CE3201_LAB01/Laboratorio #3/vga/vga.sv Line: 40
    Warning (15610): No output dependent on input pin "board[4][6][0]" File: C:/Users/valva/Documents/GitHub/CE3201_LAB01/Laboratorio #3/vga/vga.sv Line: 40
    Warning (15610): No output dependent on input pin "board[4][6][1]" File: C:/Users/valva/Documents/GitHub/CE3201_LAB01/Laboratorio #3/vga/vga.sv Line: 40
    Warning (15610): No output dependent on input pin "board[4][5][0]" File: C:/Users/valva/Documents/GitHub/CE3201_LAB01/Laboratorio #3/vga/vga.sv Line: 40
    Warning (15610): No output dependent on input pin "board[4][5][1]" File: C:/Users/valva/Documents/GitHub/CE3201_LAB01/Laboratorio #3/vga/vga.sv Line: 40
    Warning (15610): No output dependent on input pin "board[4][4][0]" File: C:/Users/valva/Documents/GitHub/CE3201_LAB01/Laboratorio #3/vga/vga.sv Line: 40
    Warning (15610): No output dependent on input pin "board[4][4][1]" File: C:/Users/valva/Documents/GitHub/CE3201_LAB01/Laboratorio #3/vga/vga.sv Line: 40
    Warning (15610): No output dependent on input pin "board[4][3][0]" File: C:/Users/valva/Documents/GitHub/CE3201_LAB01/Laboratorio #3/vga/vga.sv Line: 40
    Warning (15610): No output dependent on input pin "board[4][3][1]" File: C:/Users/valva/Documents/GitHub/CE3201_LAB01/Laboratorio #3/vga/vga.sv Line: 40
    Warning (15610): No output dependent on input pin "board[4][2][0]" File: C:/Users/valva/Documents/GitHub/CE3201_LAB01/Laboratorio #3/vga/vga.sv Line: 40
    Warning (15610): No output dependent on input pin "board[4][2][1]" File: C:/Users/valva/Documents/GitHub/CE3201_LAB01/Laboratorio #3/vga/vga.sv Line: 40
    Warning (15610): No output dependent on input pin "board[4][1][0]" File: C:/Users/valva/Documents/GitHub/CE3201_LAB01/Laboratorio #3/vga/vga.sv Line: 40
    Warning (15610): No output dependent on input pin "board[4][1][1]" File: C:/Users/valva/Documents/GitHub/CE3201_LAB01/Laboratorio #3/vga/vga.sv Line: 40
    Warning (15610): No output dependent on input pin "board[4][0][0]" File: C:/Users/valva/Documents/GitHub/CE3201_LAB01/Laboratorio #3/vga/vga.sv Line: 40
    Warning (15610): No output dependent on input pin "board[4][0][1]" File: C:/Users/valva/Documents/GitHub/CE3201_LAB01/Laboratorio #3/vga/vga.sv Line: 40
    Warning (15610): No output dependent on input pin "board[3][6][0]" File: C:/Users/valva/Documents/GitHub/CE3201_LAB01/Laboratorio #3/vga/vga.sv Line: 40
    Warning (15610): No output dependent on input pin "board[3][6][1]" File: C:/Users/valva/Documents/GitHub/CE3201_LAB01/Laboratorio #3/vga/vga.sv Line: 40
    Warning (15610): No output dependent on input pin "board[3][5][0]" File: C:/Users/valva/Documents/GitHub/CE3201_LAB01/Laboratorio #3/vga/vga.sv Line: 40
    Warning (15610): No output dependent on input pin "board[3][5][1]" File: C:/Users/valva/Documents/GitHub/CE3201_LAB01/Laboratorio #3/vga/vga.sv Line: 40
    Warning (15610): No output dependent on input pin "board[3][4][0]" File: C:/Users/valva/Documents/GitHub/CE3201_LAB01/Laboratorio #3/vga/vga.sv Line: 40
    Warning (15610): No output dependent on input pin "board[3][4][1]" File: C:/Users/valva/Documents/GitHub/CE3201_LAB01/Laboratorio #3/vga/vga.sv Line: 40
    Warning (15610): No output dependent on input pin "board[3][3][0]" File: C:/Users/valva/Documents/GitHub/CE3201_LAB01/Laboratorio #3/vga/vga.sv Line: 40
    Warning (15610): No output dependent on input pin "board[3][3][1]" File: C:/Users/valva/Documents/GitHub/CE3201_LAB01/Laboratorio #3/vga/vga.sv Line: 40
    Warning (15610): No output dependent on input pin "board[3][2][0]" File: C:/Users/valva/Documents/GitHub/CE3201_LAB01/Laboratorio #3/vga/vga.sv Line: 40
    Warning (15610): No output dependent on input pin "board[3][2][1]" File: C:/Users/valva/Documents/GitHub/CE3201_LAB01/Laboratorio #3/vga/vga.sv Line: 40
    Warning (15610): No output dependent on input pin "board[3][1][0]" File: C:/Users/valva/Documents/GitHub/CE3201_LAB01/Laboratorio #3/vga/vga.sv Line: 40
    Warning (15610): No output dependent on input pin "board[3][1][1]" File: C:/Users/valva/Documents/GitHub/CE3201_LAB01/Laboratorio #3/vga/vga.sv Line: 40
    Warning (15610): No output dependent on input pin "board[3][0][0]" File: C:/Users/valva/Documents/GitHub/CE3201_LAB01/Laboratorio #3/vga/vga.sv Line: 40
    Warning (15610): No output dependent on input pin "board[3][0][1]" File: C:/Users/valva/Documents/GitHub/CE3201_LAB01/Laboratorio #3/vga/vga.sv Line: 40
    Warning (15610): No output dependent on input pin "board[2][6][0]" File: C:/Users/valva/Documents/GitHub/CE3201_LAB01/Laboratorio #3/vga/vga.sv Line: 40
    Warning (15610): No output dependent on input pin "board[2][6][1]" File: C:/Users/valva/Documents/GitHub/CE3201_LAB01/Laboratorio #3/vga/vga.sv Line: 40
    Warning (15610): No output dependent on input pin "board[2][5][0]" File: C:/Users/valva/Documents/GitHub/CE3201_LAB01/Laboratorio #3/vga/vga.sv Line: 40
    Warning (15610): No output dependent on input pin "board[2][5][1]" File: C:/Users/valva/Documents/GitHub/CE3201_LAB01/Laboratorio #3/vga/vga.sv Line: 40
    Warning (15610): No output dependent on input pin "board[2][4][0]" File: C:/Users/valva/Documents/GitHub/CE3201_LAB01/Laboratorio #3/vga/vga.sv Line: 40
    Warning (15610): No output dependent on input pin "board[2][4][1]" File: C:/Users/valva/Documents/GitHub/CE3201_LAB01/Laboratorio #3/vga/vga.sv Line: 40
    Warning (15610): No output dependent on input pin "board[2][3][0]" File: C:/Users/valva/Documents/GitHub/CE3201_LAB01/Laboratorio #3/vga/vga.sv Line: 40
    Warning (15610): No output dependent on input pin "board[2][3][1]" File: C:/Users/valva/Documents/GitHub/CE3201_LAB01/Laboratorio #3/vga/vga.sv Line: 40
    Warning (15610): No output dependent on input pin "board[2][2][0]" File: C:/Users/valva/Documents/GitHub/CE3201_LAB01/Laboratorio #3/vga/vga.sv Line: 40
    Warning (15610): No output dependent on input pin "board[2][2][1]" File: C:/Users/valva/Documents/GitHub/CE3201_LAB01/Laboratorio #3/vga/vga.sv Line: 40
    Warning (15610): No output dependent on input pin "board[2][1][0]" File: C:/Users/valva/Documents/GitHub/CE3201_LAB01/Laboratorio #3/vga/vga.sv Line: 40
    Warning (15610): No output dependent on input pin "board[2][1][1]" File: C:/Users/valva/Documents/GitHub/CE3201_LAB01/Laboratorio #3/vga/vga.sv Line: 40
    Warning (15610): No output dependent on input pin "board[2][0][0]" File: C:/Users/valva/Documents/GitHub/CE3201_LAB01/Laboratorio #3/vga/vga.sv Line: 40
    Warning (15610): No output dependent on input pin "board[2][0][1]" File: C:/Users/valva/Documents/GitHub/CE3201_LAB01/Laboratorio #3/vga/vga.sv Line: 40
    Warning (15610): No output dependent on input pin "board[1][6][0]" File: C:/Users/valva/Documents/GitHub/CE3201_LAB01/Laboratorio #3/vga/vga.sv Line: 40
    Warning (15610): No output dependent on input pin "board[1][6][1]" File: C:/Users/valva/Documents/GitHub/CE3201_LAB01/Laboratorio #3/vga/vga.sv Line: 40
    Warning (15610): No output dependent on input pin "board[1][5][0]" File: C:/Users/valva/Documents/GitHub/CE3201_LAB01/Laboratorio #3/vga/vga.sv Line: 40
    Warning (15610): No output dependent on input pin "board[1][5][1]" File: C:/Users/valva/Documents/GitHub/CE3201_LAB01/Laboratorio #3/vga/vga.sv Line: 40
    Warning (15610): No output dependent on input pin "board[1][4][0]" File: C:/Users/valva/Documents/GitHub/CE3201_LAB01/Laboratorio #3/vga/vga.sv Line: 40
    Warning (15610): No output dependent on input pin "board[1][4][1]" File: C:/Users/valva/Documents/GitHub/CE3201_LAB01/Laboratorio #3/vga/vga.sv Line: 40
    Warning (15610): No output dependent on input pin "board[1][3][0]" File: C:/Users/valva/Documents/GitHub/CE3201_LAB01/Laboratorio #3/vga/vga.sv Line: 40
    Warning (15610): No output dependent on input pin "board[1][3][1]" File: C:/Users/valva/Documents/GitHub/CE3201_LAB01/Laboratorio #3/vga/vga.sv Line: 40
    Warning (15610): No output dependent on input pin "board[1][2][0]" File: C:/Users/valva/Documents/GitHub/CE3201_LAB01/Laboratorio #3/vga/vga.sv Line: 40
    Warning (15610): No output dependent on input pin "board[1][2][1]" File: C:/Users/valva/Documents/GitHub/CE3201_LAB01/Laboratorio #3/vga/vga.sv Line: 40
    Warning (15610): No output dependent on input pin "board[1][1][0]" File: C:/Users/valva/Documents/GitHub/CE3201_LAB01/Laboratorio #3/vga/vga.sv Line: 40
    Warning (15610): No output dependent on input pin "board[1][1][1]" File: C:/Users/valva/Documents/GitHub/CE3201_LAB01/Laboratorio #3/vga/vga.sv Line: 40
    Warning (15610): No output dependent on input pin "board[1][0][0]" File: C:/Users/valva/Documents/GitHub/CE3201_LAB01/Laboratorio #3/vga/vga.sv Line: 40
    Warning (15610): No output dependent on input pin "board[1][0][1]" File: C:/Users/valva/Documents/GitHub/CE3201_LAB01/Laboratorio #3/vga/vga.sv Line: 40
    Warning (15610): No output dependent on input pin "board[0][6][0]" File: C:/Users/valva/Documents/GitHub/CE3201_LAB01/Laboratorio #3/vga/vga.sv Line: 40
    Warning (15610): No output dependent on input pin "board[0][6][1]" File: C:/Users/valva/Documents/GitHub/CE3201_LAB01/Laboratorio #3/vga/vga.sv Line: 40
    Warning (15610): No output dependent on input pin "board[0][5][0]" File: C:/Users/valva/Documents/GitHub/CE3201_LAB01/Laboratorio #3/vga/vga.sv Line: 40
    Warning (15610): No output dependent on input pin "board[0][5][1]" File: C:/Users/valva/Documents/GitHub/CE3201_LAB01/Laboratorio #3/vga/vga.sv Line: 40
    Warning (15610): No output dependent on input pin "board[0][4][0]" File: C:/Users/valva/Documents/GitHub/CE3201_LAB01/Laboratorio #3/vga/vga.sv Line: 40
    Warning (15610): No output dependent on input pin "board[0][4][1]" File: C:/Users/valva/Documents/GitHub/CE3201_LAB01/Laboratorio #3/vga/vga.sv Line: 40
    Warning (15610): No output dependent on input pin "board[0][3][0]" File: C:/Users/valva/Documents/GitHub/CE3201_LAB01/Laboratorio #3/vga/vga.sv Line: 40
    Warning (15610): No output dependent on input pin "board[0][3][1]" File: C:/Users/valva/Documents/GitHub/CE3201_LAB01/Laboratorio #3/vga/vga.sv Line: 40
    Warning (15610): No output dependent on input pin "board[0][2][0]" File: C:/Users/valva/Documents/GitHub/CE3201_LAB01/Laboratorio #3/vga/vga.sv Line: 40
    Warning (15610): No output dependent on input pin "board[0][2][1]" File: C:/Users/valva/Documents/GitHub/CE3201_LAB01/Laboratorio #3/vga/vga.sv Line: 40
    Warning (15610): No output dependent on input pin "board[0][1][0]" File: C:/Users/valva/Documents/GitHub/CE3201_LAB01/Laboratorio #3/vga/vga.sv Line: 40
    Warning (15610): No output dependent on input pin "board[0][1][1]" File: C:/Users/valva/Documents/GitHub/CE3201_LAB01/Laboratorio #3/vga/vga.sv Line: 40
    Warning (15610): No output dependent on input pin "board[0][0][0]" File: C:/Users/valva/Documents/GitHub/CE3201_LAB01/Laboratorio #3/vga/vga.sv Line: 40
    Warning (15610): No output dependent on input pin "board[0][0][1]" File: C:/Users/valva/Documents/GitHub/CE3201_LAB01/Laboratorio #3/vga/vga.sv Line: 40
Info (21057): Implemented 658 device resources after synthesis - the final resource count might be different
    Info (21058): Implemented 93 input pins
    Info (21059): Implemented 29 output pins
    Info (21061): Implemented 534 logic cells
    Info (21062): Implemented 2 DSP elements
Info: Quartus Prime Analysis & Synthesis was successful. 0 errors, 136 warnings
    Info: Peak virtual memory: 4892 megabytes
    Info: Processing ended: Wed May  7 04:59:28 2025
    Info: Elapsed time: 00:00:08
    Info: Total CPU time (on all processors): 00:00:17


