Analysis & Synthesis report for ALU_N_bits
Fri Mar 28 07:10:59 2025
Quartus Prime Version 23.1std.1 Build 993 05/14/2024 SC Lite Edition


---------------------
; Table of Contents ;
---------------------
  1. Legal Notice
  2. Analysis & Synthesis Summary
  3. Analysis & Synthesis Settings
  4. Parallel Compilation
  5. Analysis & Synthesis Source Files Read
  6. Analysis & Synthesis Resource Usage Summary
  7. Analysis & Synthesis Resource Utilization by Entity
  8. Analysis & Synthesis DSP Block Usage Summary
  9. General Register Statistics
 10. Parameter Settings for User Entity Instance: Top-level Entity: |ALU_N_bits
 11. Parameter Settings for User Entity Instance: ripple_carry_adder_N_bits:alu_sum
 12. Parameter Settings for User Entity Instance: mux10:alu_controller
 13. Parameter Settings for Inferred Entity Instance: lpm_divide:Mod0
 14. Parameter Settings for Inferred Entity Instance: lpm_divide:Div0
 15. Port Connectivity Checks: "ripple_carry_adder_N_bits:alu_sum"
 16. Post-Synthesis Netlist Statistics for Top Partition
 17. Elapsed Time Per Partition
 18. Analysis & Synthesis Messages
 19. Analysis & Synthesis Suppressed Messages



----------------
; Legal Notice ;
----------------
Copyright (C) 2024  Intel Corporation. All rights reserved.
Your use of Intel Corporation's design tools, logic functions 
and other software and tools, and any partner logic 
functions, and any output files from any of the foregoing 
(including device programming or simulation files), and any 
associated documentation or information are expressly subject 
to the terms and conditions of the Intel Program License 
Subscription Agreement, the Intel Quartus Prime License Agreement,
the Intel FPGA IP License Agreement, or other applicable license
agreement, including, without limitation, that your use is for
the sole purpose of programming logic devices manufactured by
Intel and sold by Intel or its authorized distributors.  Please
refer to the applicable agreement for further details, at
https://fpgasoftware.intel.com/eula.



+----------------------------------------------------------------------------------+
; Analysis & Synthesis Summary                                                     ;
+---------------------------------+------------------------------------------------+
; Analysis & Synthesis Status     ; Successful - Fri Mar 28 07:10:59 2025          ;
; Quartus Prime Version           ; 23.1std.1 Build 993 05/14/2024 SC Lite Edition ;
; Revision Name                   ; ALU_N_bits                                     ;
; Top-level Entity Name           ; ALU_N_bits                                     ;
; Family                          ; Cyclone V                                      ;
; Logic utilization (in ALMs)     ; N/A                                            ;
; Total registers                 ; 0                                              ;
; Total pins                      ; 20                                             ;
; Total virtual pins              ; 0                                              ;
; Total block memory bits         ; 0                                              ;
; Total DSP Blocks                ; 1                                              ;
; Total HSSI RX PCSs              ; 0                                              ;
; Total HSSI PMA RX Deserializers ; 0                                              ;
; Total HSSI TX PCSs              ; 0                                              ;
; Total HSSI PMA TX Serializers   ; 0                                              ;
; Total PLLs                      ; 0                                              ;
; Total DLLs                      ; 0                                              ;
+---------------------------------+------------------------------------------------+


+---------------------------------------------------------------------------------------------------------------------------+
; Analysis & Synthesis Settings                                                                                             ;
+---------------------------------------------------------------------------------+--------------------+--------------------+
; Option                                                                          ; Setting            ; Default Value      ;
+---------------------------------------------------------------------------------+--------------------+--------------------+
; Device                                                                          ; 5CSXFC6D6F31C6     ;                    ;
; Top-level entity name                                                           ; ALU_N_bits         ; ALU_N_bits         ;
; Family name                                                                     ; Cyclone V          ; Cyclone V          ;
; Use smart compilation                                                           ; Off                ; Off                ;
; Enable parallel Assembler and Timing Analyzer during compilation                ; On                 ; On                 ;
; Enable compact report table                                                     ; Off                ; Off                ;
; Restructure Multiplexers                                                        ; Auto               ; Auto               ;
; MLAB Add Timing Constraints For Mixed-Port Feed-Through Mode Setting Don't Care ; Off                ; Off                ;
; Create Debugging Nodes for IP Cores                                             ; Off                ; Off                ;
; Preserve fewer node names                                                       ; On                 ; On                 ;
; Intel FPGA IP Evaluation Mode                                                   ; Enable             ; Enable             ;
; Verilog Version                                                                 ; Verilog_2001       ; Verilog_2001       ;
; VHDL Version                                                                    ; VHDL_1993          ; VHDL_1993          ;
; State Machine Processing                                                        ; Auto               ; Auto               ;
; Safe State Machine                                                              ; Off                ; Off                ;
; Extract Verilog State Machines                                                  ; On                 ; On                 ;
; Extract VHDL State Machines                                                     ; On                 ; On                 ;
; Ignore Verilog initial constructs                                               ; Off                ; Off                ;
; Iteration limit for constant Verilog loops                                      ; 5000               ; 5000               ;
; Iteration limit for non-constant Verilog loops                                  ; 250                ; 250                ;
; Add Pass-Through Logic to Inferred RAMs                                         ; On                 ; On                 ;
; Infer RAMs from Raw Logic                                                       ; On                 ; On                 ;
; Parallel Synthesis                                                              ; On                 ; On                 ;
; DSP Block Balancing                                                             ; Auto               ; Auto               ;
; NOT Gate Push-Back                                                              ; On                 ; On                 ;
; Power-Up Don't Care                                                             ; On                 ; On                 ;
; Remove Redundant Logic Cells                                                    ; Off                ; Off                ;
; Remove Duplicate Registers                                                      ; On                 ; On                 ;
; Ignore CARRY Buffers                                                            ; Off                ; Off                ;
; Ignore CASCADE Buffers                                                          ; Off                ; Off                ;
; Ignore GLOBAL Buffers                                                           ; Off                ; Off                ;
; Ignore ROW GLOBAL Buffers                                                       ; Off                ; Off                ;
; Ignore LCELL Buffers                                                            ; Off                ; Off                ;
; Ignore SOFT Buffers                                                             ; On                 ; On                 ;
; Limit AHDL Integers to 32 Bits                                                  ; Off                ; Off                ;
; Optimization Technique                                                          ; Balanced           ; Balanced           ;
; Carry Chain Length                                                              ; 70                 ; 70                 ;
; Auto Carry Chains                                                               ; On                 ; On                 ;
; Auto Open-Drain Pins                                                            ; On                 ; On                 ;
; Perform WYSIWYG Primitive Resynthesis                                           ; Off                ; Off                ;
; Auto ROM Replacement                                                            ; On                 ; On                 ;
; Auto RAM Replacement                                                            ; On                 ; On                 ;
; Auto DSP Block Replacement                                                      ; On                 ; On                 ;
; Auto Shift Register Replacement                                                 ; Auto               ; Auto               ;
; Allow Shift Register Merging across Hierarchies                                 ; Auto               ; Auto               ;
; Auto Clock Enable Replacement                                                   ; On                 ; On                 ;
; Strict RAM Replacement                                                          ; Off                ; Off                ;
; Allow Synchronous Control Signals                                               ; On                 ; On                 ;
; Force Use of Synchronous Clear Signals                                          ; Off                ; Off                ;
; Auto Resource Sharing                                                           ; Off                ; Off                ;
; Allow Any RAM Size For Recognition                                              ; Off                ; Off                ;
; Allow Any ROM Size For Recognition                                              ; Off                ; Off                ;
; Allow Any Shift Register Size For Recognition                                   ; Off                ; Off                ;
; Use LogicLock Constraints during Resource Balancing                             ; On                 ; On                 ;
; Ignore translate_off and synthesis_off directives                               ; Off                ; Off                ;
; Timing-Driven Synthesis                                                         ; On                 ; On                 ;
; Report Parameter Settings                                                       ; On                 ; On                 ;
; Report Source Assignments                                                       ; On                 ; On                 ;
; Report Connectivity Checks                                                      ; On                 ; On                 ;
; Ignore Maximum Fan-Out Assignments                                              ; Off                ; Off                ;
; Synchronization Register Chain Length                                           ; 3                  ; 3                  ;
; Power Optimization During Synthesis                                             ; Normal compilation ; Normal compilation ;
; HDL message level                                                               ; Level2             ; Level2             ;
; Suppress Register Optimization Related Messages                                 ; Off                ; Off                ;
; Number of Removed Registers Reported in Synthesis Report                        ; 5000               ; 5000               ;
; Number of Swept Nodes Reported in Synthesis Report                              ; 5000               ; 5000               ;
; Number of Inverted Registers Reported in Synthesis Report                       ; 100                ; 100                ;
; Clock MUX Protection                                                            ; On                 ; On                 ;
; Auto Gated Clock Conversion                                                     ; Off                ; Off                ;
; Block Design Naming                                                             ; Auto               ; Auto               ;
; SDC constraint protection                                                       ; Off                ; Off                ;
; Synthesis Effort                                                                ; Auto               ; Auto               ;
; Shift Register Replacement - Allow Asynchronous Clear Signal                    ; On                 ; On                 ;
; Pre-Mapping Resynthesis Optimization                                            ; Off                ; Off                ;
; Analysis & Synthesis Message Level                                              ; Medium             ; Medium             ;
; Disable Register Merging Across Hierarchies                                     ; Auto               ; Auto               ;
; Resource Aware Inference For Block RAM                                          ; On                 ; On                 ;
; Automatic Parallel Synthesis                                                    ; On                 ; On                 ;
; Partial Reconfiguration Bitstream ID                                            ; Off                ; Off                ;
+---------------------------------------------------------------------------------+--------------------+--------------------+


+------------------------------------------+
; Parallel Compilation                     ;
+----------------------------+-------------+
; Processors                 ; Number      ;
+----------------------------+-------------+
; Number detected on machine ; 8           ;
; Maximum allowed            ; 8           ;
;                            ;             ;
; Average used               ; 1.00        ;
; Maximum used               ; 1           ;
;                            ;             ;
; Usage by Processor         ; % Time Used ;
;     Processor 1            ; 100.0%      ;
+----------------------------+-------------+


+------------------------------------------------------------------------------------------------------------------------------------------------------------------------------------------------------------+
; Analysis & Synthesis Source Files Read                                                                                                                                                                     ;
+----------------------------------+-----------------+------------------------------+--------------------------------------------------------------------------------------------------------------+---------+
; File Name with User-Entered Path ; Used in Netlist ; File Type                    ; File Name with Absolute Path                                                                                 ; Library ;
+----------------------------------+-----------------+------------------------------+--------------------------------------------------------------------------------------------------------------+---------+
; ALU_N_bits.sv                    ; yes             ; User SystemVerilog HDL File  ; C:/Users/joseb/OneDrive/Documentos/GitHub/Laboratorios-CE3201/Laboratorio #2/Code/ALU_N_bits.sv              ;         ;
; sum.sv                           ; yes             ; User SystemVerilog HDL File  ; C:/Users/joseb/OneDrive/Documentos/GitHub/Laboratorios-CE3201/Laboratorio #2/Code/sum.sv                     ;         ;
; lpm_divide.tdf                   ; yes             ; Megafunction                 ; e:/intelfpga/23.1std/quartus/libraries/megafunctions/lpm_divide.tdf                                          ;         ;
; abs_divider.inc                  ; yes             ; Megafunction                 ; e:/intelfpga/23.1std/quartus/libraries/megafunctions/abs_divider.inc                                         ;         ;
; sign_div_unsign.inc              ; yes             ; Megafunction                 ; e:/intelfpga/23.1std/quartus/libraries/megafunctions/sign_div_unsign.inc                                     ;         ;
; aglobal231.inc                   ; yes             ; Megafunction                 ; e:/intelfpga/23.1std/quartus/libraries/megafunctions/aglobal231.inc                                          ;         ;
; db/lpm_divide_42m.tdf            ; yes             ; Auto-Generated Megafunction  ; C:/Users/joseb/OneDrive/Documentos/GitHub/Laboratorios-CE3201/Laboratorio #2/Code/db/lpm_divide_42m.tdf      ;         ;
; db/sign_div_unsign_7kh.tdf       ; yes             ; Auto-Generated Megafunction  ; C:/Users/joseb/OneDrive/Documentos/GitHub/Laboratorios-CE3201/Laboratorio #2/Code/db/sign_div_unsign_7kh.tdf ;         ;
; db/alt_u_div_kse.tdf             ; yes             ; Auto-Generated Megafunction  ; C:/Users/joseb/OneDrive/Documentos/GitHub/Laboratorios-CE3201/Laboratorio #2/Code/db/alt_u_div_kse.tdf       ;         ;
; db/lpm_divide_1am.tdf            ; yes             ; Auto-Generated Megafunction  ; C:/Users/joseb/OneDrive/Documentos/GitHub/Laboratorios-CE3201/Laboratorio #2/Code/db/lpm_divide_1am.tdf      ;         ;
+----------------------------------+-----------------+------------------------------+--------------------------------------------------------------------------------------------------------------+---------+


+----------------------------------------------------------+
; Analysis & Synthesis Resource Usage Summary              ;
+---------------------------------------------+------------+
; Resource                                    ; Usage      ;
+---------------------------------------------+------------+
; Estimate of Logic utilization (ALMs needed) ; 45         ;
;                                             ;            ;
; Combinational ALUT usage for logic          ; 76         ;
;     -- 7 input functions                    ; 9          ;
;     -- 6 input functions                    ; 4          ;
;     -- 5 input functions                    ; 16         ;
;     -- 4 input functions                    ; 18         ;
;     -- <=3 input functions                  ; 29         ;
;                                             ;            ;
; Dedicated logic registers                   ; 0          ;
;                                             ;            ;
; I/O pins                                    ; 20         ;
;                                             ;            ;
; Total DSP Blocks                            ; 1          ;
;                                             ;            ;
; Maximum fan-out node                        ; b[3]~input ;
; Maximum fan-out                             ; 27         ;
; Total fan-out                               ; 342        ;
; Average fan-out                             ; 2.92       ;
+---------------------------------------------+------------+


+----------------------------------------------------------------------------------------------------------------------------------------------------------------------------------------------------------------------------------------------------------------------------------------------------------+
; Analysis & Synthesis Resource Utilization by Entity                                                                                                                                                                                                                                                      ;
+----------------------------------------+---------------------+---------------------------+-------------------+------------+------+--------------+-------------------------------------------------------------------------------------------------------------+---------------------------+--------------+
; Compilation Hierarchy Node             ; Combinational ALUTs ; Dedicated Logic Registers ; Block Memory Bits ; DSP Blocks ; Pins ; Virtual Pins ; Full Hierarchy Name                                                                                         ; Entity Name               ; Library Name ;
+----------------------------------------+---------------------+---------------------------+-------------------+------------+------+--------------+-------------------------------------------------------------------------------------------------------------+---------------------------+--------------+
; |ALU_N_bits                            ; 76 (13)             ; 0 (0)                     ; 0                 ; 1          ; 20   ; 0            ; |ALU_N_bits                                                                                                 ; ALU_N_bits                ; work         ;
;    |lpm_divide:Div0|                   ; 22 (0)              ; 0 (0)                     ; 0                 ; 0          ; 0    ; 0            ; |ALU_N_bits|lpm_divide:Div0                                                                                 ; lpm_divide                ; work         ;
;       |lpm_divide_1am:auto_generated|  ; 22 (0)              ; 0 (0)                     ; 0                 ; 0          ; 0    ; 0            ; |ALU_N_bits|lpm_divide:Div0|lpm_divide_1am:auto_generated                                                   ; lpm_divide_1am            ; work         ;
;          |sign_div_unsign_7kh:divider| ; 22 (0)              ; 0 (0)                     ; 0                 ; 0          ; 0    ; 0            ; |ALU_N_bits|lpm_divide:Div0|lpm_divide_1am:auto_generated|sign_div_unsign_7kh:divider                       ; sign_div_unsign_7kh       ; work         ;
;             |alt_u_div_kse:divider|    ; 22 (22)             ; 0 (0)                     ; 0                 ; 0          ; 0    ; 0            ; |ALU_N_bits|lpm_divide:Div0|lpm_divide_1am:auto_generated|sign_div_unsign_7kh:divider|alt_u_div_kse:divider ; alt_u_div_kse             ; work         ;
;    |lpm_divide:Mod0|                   ; 26 (0)              ; 0 (0)                     ; 0                 ; 0          ; 0    ; 0            ; |ALU_N_bits|lpm_divide:Mod0                                                                                 ; lpm_divide                ; work         ;
;       |lpm_divide_42m:auto_generated|  ; 26 (0)              ; 0 (0)                     ; 0                 ; 0          ; 0    ; 0            ; |ALU_N_bits|lpm_divide:Mod0|lpm_divide_42m:auto_generated                                                   ; lpm_divide_42m            ; work         ;
;          |sign_div_unsign_7kh:divider| ; 26 (0)              ; 0 (0)                     ; 0                 ; 0          ; 0    ; 0            ; |ALU_N_bits|lpm_divide:Mod0|lpm_divide_42m:auto_generated|sign_div_unsign_7kh:divider                       ; sign_div_unsign_7kh       ; work         ;
;             |alt_u_div_kse:divider|    ; 26 (26)             ; 0 (0)                     ; 0                 ; 0          ; 0    ; 0            ; |ALU_N_bits|lpm_divide:Mod0|lpm_divide_42m:auto_generated|sign_div_unsign_7kh:divider|alt_u_div_kse:divider ; alt_u_div_kse             ; work         ;
;    |mux10:alu_controller|              ; 13 (13)             ; 0 (0)                     ; 0                 ; 0          ; 0    ; 0            ; |ALU_N_bits|mux10:alu_controller                                                                            ; mux10                     ; work         ;
;    |ripple_carry_adder_N_bits:alu_sum| ; 2 (0)               ; 0 (0)                     ; 0                 ; 0          ; 0    ; 0            ; |ALU_N_bits|ripple_carry_adder_N_bits:alu_sum                                                               ; ripple_carry_adder_N_bits ; work         ;
;       |full_adder:adder_stage[1].fa|   ; 1 (1)               ; 0 (0)                     ; 0                 ; 0          ; 0    ; 0            ; |ALU_N_bits|ripple_carry_adder_N_bits:alu_sum|full_adder:adder_stage[1].fa                                  ; full_adder                ; work         ;
;       |full_adder:adder_stage[2].fa|   ; 1 (1)               ; 0 (0)                     ; 0                 ; 0          ; 0    ; 0            ; |ALU_N_bits|ripple_carry_adder_N_bits:alu_sum|full_adder:adder_stage[2].fa                                  ; full_adder                ; work         ;
+----------------------------------------+---------------------+---------------------------+-------------------+------------+------+--------------+-------------------------------------------------------------------------------------------------------------+---------------------------+--------------+
Note: For table entries with two numbers listed, the numbers in parentheses indicate the number of resources of the given type used by the specific entity alone. The numbers listed outside of parentheses indicate the total resources of the given type used by the specific entity and all of its sub-entities in the hierarchy.


+-----------------------------------------------+
; Analysis & Synthesis DSP Block Usage Summary  ;
+---------------------------------+-------------+
; Statistic                       ; Number Used ;
+---------------------------------+-------------+
; Independent 9x9                 ; 1           ;
; Total number of DSP blocks      ; 1           ;
;                                 ;             ;
; Fixed Point Unsigned Multiplier ; 1           ;
+---------------------------------+-------------+


+------------------------------------------------------+
; General Register Statistics                          ;
+----------------------------------------------+-------+
; Statistic                                    ; Value ;
+----------------------------------------------+-------+
; Total registers                              ; 0     ;
; Number of registers using Synchronous Clear  ; 0     ;
; Number of registers using Synchronous Load   ; 0     ;
; Number of registers using Asynchronous Clear ; 0     ;
; Number of registers using Asynchronous Load  ; 0     ;
; Number of registers using Clock Enable       ; 0     ;
; Number of registers using Preset             ; 0     ;
+----------------------------------------------+-------+


+----------------------------------------------------------------------------+
; Parameter Settings for User Entity Instance: Top-level Entity: |ALU_N_bits ;
+----------------+-------+---------------------------------------------------+
; Parameter Name ; Value ; Type                                              ;
+----------------+-------+---------------------------------------------------+
; N              ; 4     ; Signed Integer                                    ;
+----------------+-------+---------------------------------------------------+
Note: In order to hide this table in the UI and the text report file, please set the "Show Parameter Settings in Synthesis Report" option in "Analysis and Synthesis Settings -> More Settings" to "Off".


+--------------------------------------------------------------------------------+
; Parameter Settings for User Entity Instance: ripple_carry_adder_N_bits:alu_sum ;
+----------------+-------+-------------------------------------------------------+
; Parameter Name ; Value ; Type                                                  ;
+----------------+-------+-------------------------------------------------------+
; N              ; 4     ; Signed Integer                                        ;
+----------------+-------+-------------------------------------------------------+
Note: In order to hide this table in the UI and the text report file, please set the "Show Parameter Settings in Synthesis Report" option in "Analysis and Synthesis Settings -> More Settings" to "Off".


+-------------------------------------------------------------------+
; Parameter Settings for User Entity Instance: mux10:alu_controller ;
+----------------+-------+------------------------------------------+
; Parameter Name ; Value ; Type                                     ;
+----------------+-------+------------------------------------------+
; N              ; 4     ; Signed Integer                           ;
+----------------+-------+------------------------------------------+
Note: In order to hide this table in the UI and the text report file, please set the "Show Parameter Settings in Synthesis Report" option in "Analysis and Synthesis Settings -> More Settings" to "Off".


+------------------------------------------------------------------+
; Parameter Settings for Inferred Entity Instance: lpm_divide:Mod0 ;
+------------------------+----------------+------------------------+
; Parameter Name         ; Value          ; Type                   ;
+------------------------+----------------+------------------------+
; LPM_WIDTHN             ; 4              ; Untyped                ;
; LPM_WIDTHD             ; 4              ; Untyped                ;
; LPM_NREPRESENTATION    ; UNSIGNED       ; Untyped                ;
; LPM_DREPRESENTATION    ; UNSIGNED       ; Untyped                ;
; LPM_PIPELINE           ; 0              ; Untyped                ;
; LPM_REMAINDERPOSITIVE  ; TRUE           ; Untyped                ;
; MAXIMIZE_SPEED         ; 5              ; Untyped                ;
; CBXI_PARAMETER         ; lpm_divide_42m ; Untyped                ;
; CARRY_CHAIN            ; MANUAL         ; Untyped                ;
; OPTIMIZE_FOR_SPEED     ; 5              ; Untyped                ;
; AUTO_CARRY_CHAINS      ; ON             ; AUTO_CARRY             ;
; IGNORE_CARRY_BUFFERS   ; OFF            ; IGNORE_CARRY           ;
; AUTO_CASCADE_CHAINS    ; ON             ; AUTO_CASCADE           ;
; IGNORE_CASCADE_BUFFERS ; OFF            ; IGNORE_CASCADE         ;
+------------------------+----------------+------------------------+
Note: In order to hide this table in the UI and the text report file, please set the "Show Parameter Settings in Synthesis Report" option in "Analysis and Synthesis Settings -> More Settings" to "Off".


+------------------------------------------------------------------+
; Parameter Settings for Inferred Entity Instance: lpm_divide:Div0 ;
+------------------------+----------------+------------------------+
; Parameter Name         ; Value          ; Type                   ;
+------------------------+----------------+------------------------+
; LPM_WIDTHN             ; 4              ; Untyped                ;
; LPM_WIDTHD             ; 4              ; Untyped                ;
; LPM_NREPRESENTATION    ; UNSIGNED       ; Untyped                ;
; LPM_DREPRESENTATION    ; UNSIGNED       ; Untyped                ;
; LPM_PIPELINE           ; 0              ; Untyped                ;
; LPM_REMAINDERPOSITIVE  ; TRUE           ; Untyped                ;
; MAXIMIZE_SPEED         ; 5              ; Untyped                ;
; CBXI_PARAMETER         ; lpm_divide_1am ; Untyped                ;
; CARRY_CHAIN            ; MANUAL         ; Untyped                ;
; OPTIMIZE_FOR_SPEED     ; 5              ; Untyped                ;
; AUTO_CARRY_CHAINS      ; ON             ; AUTO_CARRY             ;
; IGNORE_CARRY_BUFFERS   ; OFF            ; IGNORE_CARRY           ;
; AUTO_CASCADE_CHAINS    ; ON             ; AUTO_CASCADE           ;
; IGNORE_CASCADE_BUFFERS ; OFF            ; IGNORE_CASCADE         ;
+------------------------+----------------+------------------------+
Note: In order to hide this table in the UI and the text report file, please set the "Show Parameter Settings in Synthesis Report" option in "Analysis and Synthesis Settings -> More Settings" to "Off".


+----------------------------------------------------------------------------------------------------------------------------------------------------+
; Port Connectivity Checks: "ripple_carry_adder_N_bits:alu_sum"                                                                                      ;
+------+--------+----------+-------------------------------------------------------------------------------------------------------------------------+
; Port ; Type   ; Severity ; Details                                                                                                                 ;
+------+--------+----------+-------------------------------------------------------------------------------------------------------------------------+
; cout ; Output ; Warning  ; Output or bidir port (4 bits) is wider than the port expression (1 bits) it drives; bit(s) "cout[3..1]" have no fanouts ;
+------+--------+----------+-------------------------------------------------------------------------------------------------------------------------+


+-----------------------------------------------------+
; Post-Synthesis Netlist Statistics for Top Partition ;
+-----------------------+-----------------------------+
; Type                  ; Count                       ;
+-----------------------+-----------------------------+
; arriav_lcell_comb     ; 76                          ;
;     arith             ; 12                          ;
;         0 data inputs ; 4                           ;
;         2 data inputs ; 2                           ;
;         5 data inputs ; 6                           ;
;     extend            ; 9                           ;
;         7 data inputs ; 9                           ;
;     normal            ; 37                          ;
;         2 data inputs ; 4                           ;
;         3 data inputs ; 7                           ;
;         4 data inputs ; 12                          ;
;         5 data inputs ; 10                          ;
;         6 data inputs ; 4                           ;
;     shared            ; 18                          ;
;         0 data inputs ; 6                           ;
;         2 data inputs ; 6                           ;
;         4 data inputs ; 6                           ;
; arriav_mac            ; 1                           ;
; boundary_port         ; 20                          ;
;                       ;                             ;
; Max LUT depth         ; 11.50                       ;
; Average LUT depth     ; 8.32                        ;
+-----------------------+-----------------------------+


+-------------------------------+
; Elapsed Time Per Partition    ;
+----------------+--------------+
; Partition Name ; Elapsed Time ;
+----------------+--------------+
; Top            ; 00:00:01     ;
+----------------+--------------+


+-------------------------------+
; Analysis & Synthesis Messages ;
+-------------------------------+
Info: *******************************************************************
Info: Running Quartus Prime Analysis & Synthesis
    Info: Version 23.1std.1 Build 993 05/14/2024 SC Lite Edition
    Info: Processing started: Fri Mar 28 07:10:45 2025
Info: Command: quartus_map --read_settings_files=on --write_settings_files=off ALU_N_bits -c ALU_N_bits
Warning (18236): Number of processors has not been specified which may cause overloading on shared machines.  Set the global assignment NUM_PARALLEL_PROCESSORS in your QSF to an appropriate value for best performance.
Info (20030): Parallel compilation is enabled and will use 8 of the 8 processors detected
Info (12021): Found 4 design units, including 4 entities, in source file alu_n_bits.sv
    Info (12023): Found entity 1: mux10 File: C:/Users/joseb/OneDrive/Documentos/GitHub/Laboratorios-CE3201/Laboratorio #2/Code/ALU_N_bits.sv Line: 1
    Info (12023): Found entity 2: ALU_N_bits File: C:/Users/joseb/OneDrive/Documentos/GitHub/Laboratorios-CE3201/Laboratorio #2/Code/ALU_N_bits.sv Line: 10
    Info (12023): Found entity 3: ALU_TOP_BTN File: C:/Users/joseb/OneDrive/Documentos/GitHub/Laboratorios-CE3201/Laboratorio #2/Code/ALU_N_bits.sv Line: 69
    Info (12023): Found entity 4: Print_Single_Hex File: C:/Users/joseb/OneDrive/Documentos/GitHub/Laboratorios-CE3201/Laboratorio #2/Code/ALU_N_bits.sv Line: 123
Info (12021): Found 0 design units, including 0 entities, in source file mux10.sv
Info (12021): Found 2 design units, including 2 entities, in source file sum.sv
    Info (12023): Found entity 1: full_adder File: C:/Users/joseb/OneDrive/Documentos/GitHub/Laboratorios-CE3201/Laboratorio #2/Code/sum.sv Line: 15
    Info (12023): Found entity 2: ripple_carry_adder_N_bits File: C:/Users/joseb/OneDrive/Documentos/GitHub/Laboratorios-CE3201/Laboratorio #2/Code/sum.sv Line: 21
Info (12021): Found 1 design units, including 1 entities, in source file alu_n_bits_tb.sv
    Info (12023): Found entity 1: ALU_N_bits_tb File: C:/Users/joseb/OneDrive/Documentos/GitHub/Laboratorios-CE3201/Laboratorio #2/Code/ALU_N_bits_tb.sv Line: 17
Info (12021): Found 1 design units, including 1 entities, in source file carry_lookahead_adder.sv
    Info (12023): Found entity 1: carry_lookahead_adder File: C:/Users/joseb/OneDrive/Documentos/GitHub/Laboratorios-CE3201/Laboratorio #2/Code/carry_lookahead_adder.sv Line: 1
Info (12021): Found 1 design units, including 1 entities, in source file multiplier_cla.sv
    Info (12023): Found entity 1: multiplier_cla File: C:/Users/joseb/OneDrive/Documentos/GitHub/Laboratorios-CE3201/Laboratorio #2/Code/multiplier_cla.sv Line: 1
Info (12021): Found 1 design units, including 1 entities, in source file multiplier_cla_tb.sv
    Info (12023): Found entity 1: multiplier_cla_tb File: C:/Users/joseb/OneDrive/Documentos/GitHub/Laboratorios-CE3201/Laboratorio #2/Code/multiplier_cla_tb.sv Line: 1
Info (12127): Elaborating entity "ALU_N_bits" for the top level hierarchy
Info (12128): Elaborating entity "ripple_carry_adder_N_bits" for hierarchy "ripple_carry_adder_N_bits:alu_sum" File: C:/Users/joseb/OneDrive/Documentos/GitHub/Laboratorios-CE3201/Laboratorio #2/Code/ALU_N_bits.sv Line: 43
Info (12128): Elaborating entity "full_adder" for hierarchy "ripple_carry_adder_N_bits:alu_sum|full_adder:adder_stage[0].fa" File: C:/Users/joseb/OneDrive/Documentos/GitHub/Laboratorios-CE3201/Laboratorio #2/Code/sum.sv Line: 37
Info (12128): Elaborating entity "mux10" for hierarchy "mux10:alu_controller" File: C:/Users/joseb/OneDrive/Documentos/GitHub/Laboratorios-CE3201/Laboratorio #2/Code/ALU_N_bits.sv Line: 58
Info (278001): Inferred 2 megafunctions from design logic
    Info (278004): Inferred divider/modulo megafunction ("lpm_divide") from the following logic: "Mod0" File: C:/Users/joseb/OneDrive/Documentos/GitHub/Laboratorios-CE3201/Laboratorio #2/Code/ALU_N_bits.sv Line: 35
    Info (278004): Inferred divider/modulo megafunction ("lpm_divide") from the following logic: "Div0" File: C:/Users/joseb/OneDrive/Documentos/GitHub/Laboratorios-CE3201/Laboratorio #2/Code/ALU_N_bits.sv Line: 37
Info (12130): Elaborated megafunction instantiation "lpm_divide:Mod0" File: C:/Users/joseb/OneDrive/Documentos/GitHub/Laboratorios-CE3201/Laboratorio #2/Code/ALU_N_bits.sv Line: 35
Info (12133): Instantiated megafunction "lpm_divide:Mod0" with the following parameter: File: C:/Users/joseb/OneDrive/Documentos/GitHub/Laboratorios-CE3201/Laboratorio #2/Code/ALU_N_bits.sv Line: 35
    Info (12134): Parameter "LPM_WIDTHN" = "4"
    Info (12134): Parameter "LPM_WIDTHD" = "4"
    Info (12134): Parameter "LPM_NREPRESENTATION" = "UNSIGNED"
    Info (12134): Parameter "LPM_DREPRESENTATION" = "UNSIGNED"
Info (12021): Found 1 design units, including 1 entities, in source file db/lpm_divide_42m.tdf
    Info (12023): Found entity 1: lpm_divide_42m File: C:/Users/joseb/OneDrive/Documentos/GitHub/Laboratorios-CE3201/Laboratorio #2/Code/db/lpm_divide_42m.tdf Line: 25
Info (12021): Found 1 design units, including 1 entities, in source file db/sign_div_unsign_7kh.tdf
    Info (12023): Found entity 1: sign_div_unsign_7kh File: C:/Users/joseb/OneDrive/Documentos/GitHub/Laboratorios-CE3201/Laboratorio #2/Code/db/sign_div_unsign_7kh.tdf Line: 25
Info (12021): Found 1 design units, including 1 entities, in source file db/alt_u_div_kse.tdf
    Info (12023): Found entity 1: alt_u_div_kse File: C:/Users/joseb/OneDrive/Documentos/GitHub/Laboratorios-CE3201/Laboratorio #2/Code/db/alt_u_div_kse.tdf Line: 23
Info (12130): Elaborated megafunction instantiation "lpm_divide:Div0" File: C:/Users/joseb/OneDrive/Documentos/GitHub/Laboratorios-CE3201/Laboratorio #2/Code/ALU_N_bits.sv Line: 37
Info (12133): Instantiated megafunction "lpm_divide:Div0" with the following parameter: File: C:/Users/joseb/OneDrive/Documentos/GitHub/Laboratorios-CE3201/Laboratorio #2/Code/ALU_N_bits.sv Line: 37
    Info (12134): Parameter "LPM_WIDTHN" = "4"
    Info (12134): Parameter "LPM_WIDTHD" = "4"
    Info (12134): Parameter "LPM_NREPRESENTATION" = "UNSIGNED"
    Info (12134): Parameter "LPM_DREPRESENTATION" = "UNSIGNED"
Info (12021): Found 1 design units, including 1 entities, in source file db/lpm_divide_1am.tdf
    Info (12023): Found entity 1: lpm_divide_1am File: C:/Users/joseb/OneDrive/Documentos/GitHub/Laboratorios-CE3201/Laboratorio #2/Code/db/lpm_divide_1am.tdf Line: 25
Warning (12241): 1 hierarchies have connectivity warnings - see the Connectivity Checks report folder
Info (286030): Timing-Driven Synthesis is running
Info (144001): Generated suppressed messages file C:/Users/joseb/OneDrive/Documentos/GitHub/Laboratorios-CE3201/Laboratorio #2/Code/output_files/ALU_N_bits.map.smsg
Info (16010): Generating hard_block partition "hard_block:auto_generated_inst"
    Info (16011): Adding 0 node(s), including 0 DDIO, 0 PLL, 0 transceiver and 0 LCELL
Info (21057): Implemented 97 device resources after synthesis - the final resource count might be different
    Info (21058): Implemented 12 input pins
    Info (21059): Implemented 8 output pins
    Info (21061): Implemented 76 logic cells
    Info (21062): Implemented 1 DSP elements
Info: Quartus Prime Analysis & Synthesis was successful. 0 errors, 2 warnings
    Info: Peak virtual memory: 4844 megabytes
    Info: Processing ended: Fri Mar 28 07:10:59 2025
    Info: Elapsed time: 00:00:14
    Info: Total CPU time (on all processors): 00:00:30


+------------------------------------------+
; Analysis & Synthesis Suppressed Messages ;
+------------------------------------------+
The suppressed messages can be found in C:/Users/joseb/OneDrive/Documentos/GitHub/Laboratorios-CE3201/Laboratorio #2/Code/output_files/ALU_N_bits.map.smsg.


