Flow report for RestadorParametrizadoN
Tue Mar 11 21:32:48 2025
Quartus Prime Version 23.1std.1 Build 993 05/14/2024 SC Lite Edition


---------------------
; Table of Contents ;
---------------------
  1. Legal Notice
  2. Flow Summary
  3. Flow Settings
  4. Flow Non-Default Global Settings
  5. Flow Elapsed Time
  6. Flow OS Summary
  7. Flow Log
  8. Flow Messages
  9. Flow Suppressed Messages



----------------
; Legal Notice ;
----------------
Copyright (C) 2024  Intel Corporation. All rights reserved.
Your use of Intel Corporation's design tools, logic functions 
and other software and tools, and any partner logic 
functions, and any output files from any of the foregoing 
(including device programming or simulation files), and any 
associated documentation or information are expressly subject 
to the terms and conditions of the Intel Program License 
Subscription Agreement, the Intel Quartus Prime License Agreement,
the Intel FPGA IP License Agreement, or other applicable license
agreement, including, without limitation, that your use is for
the sole purpose of programming logic devices manufactured by
Intel and sold by Intel or its authorized distributors.  Please
refer to the applicable agreement for further details, at
https://fpgasoftware.intel.com/eula.



+----------------------------------------------------------------------------------+
; Flow Summary                                                                     ;
+---------------------------------+------------------------------------------------+
; Flow Status                     ; Successful - Tue Mar 11 21:32:48 2025          ;
; Quartus Prime Version           ; 23.1std.1 Build 993 05/14/2024 SC Lite Edition ;
; Revision Name                   ; RestadorParametrizadoN                         ;
; Top-level Entity Name           ; RestadorParametrizableN                        ;
; Family                          ; Cyclone V                                      ;
; Device                          ; 5CSXFC6D6F31C6                                 ;
; Timing Models                   ; Final                                          ;
; Logic utilization (in ALMs)     ; 46 / 41,910 ( < 1 % )                          ;
; Total registers                 ; 6                                              ;
; Total pins                      ; 22 / 499 ( 4 % )                               ;
; Total virtual pins              ; 0                                              ;
; Total block memory bits         ; 0 / 5,662,720 ( 0 % )                          ;
; Total DSP Blocks                ; 0 / 112 ( 0 % )                                ;
; Total HSSI RX PCSs              ; 0 / 9 ( 0 % )                                  ;
; Total HSSI PMA RX Deserializers ; 0 / 9 ( 0 % )                                  ;
; Total HSSI TX PCSs              ; 0 / 9 ( 0 % )                                  ;
; Total HSSI PMA TX Serializers   ; 0 / 9 ( 0 % )                                  ;
; Total PLLs                      ; 0 / 15 ( 0 % )                                 ;
; Total DLLs                      ; 0 / 4 ( 0 % )                                  ;
+---------------------------------+------------------------------------------------+


+--------------------------------------------+
; Flow Settings                              ;
+-------------------+------------------------+
; Option            ; Setting                ;
+-------------------+------------------------+
; Start date & time ; 03/11/2025 21:31:47    ;
; Main task         ; Compilation            ;
; Revision Name     ; RestadorParametrizadoN ;
+-------------------+------------------------+


+----------------------------------------------------------------------------------------------------------------------------------------------------------------------+
; Flow Non-Default Global Settings                                                                                                                                     ;
+--------------------------------------+----------------------------------------+------------------------+-------------------------+-----------------------------------+
; Assignment Name                      ; Value                                  ; Default Value          ; Entity Name             ; Section Id                        ;
+--------------------------------------+----------------------------------------+------------------------+-------------------------+-----------------------------------+
; COMPILER_SIGNATURE_ID                ; 145320169156502.174175030719824        ; --                     ; --                      ; --                                ;
; EDA_DESIGN_INSTANCE_NAME             ; NA                                     ; --                     ; --                      ; Restador_tb                       ;
; EDA_GENERATE_FUNCTIONAL_NETLIST      ; Off                                    ; --                     ; --                      ; eda_board_design_timing           ;
; EDA_GENERATE_FUNCTIONAL_NETLIST      ; Off                                    ; --                     ; --                      ; eda_board_design_boundary_scan    ;
; EDA_GENERATE_FUNCTIONAL_NETLIST      ; Off                                    ; --                     ; --                      ; eda_board_design_signal_integrity ;
; EDA_GENERATE_FUNCTIONAL_NETLIST      ; Off                                    ; --                     ; --                      ; eda_board_design_symbol           ;
; EDA_NATIVELINK_SIMULATION_TEST_BENCH ; Restador_tb                            ; --                     ; --                      ; eda_simulation                    ;
; EDA_OUTPUT_DATA_FORMAT               ; Systemverilog Hdl                      ; --                     ; --                      ; eda_simulation                    ;
; EDA_SIMULATION_TOOL                  ; Questa Intel FPGA (SystemVerilog)      ; <None>                 ; --                      ; --                                ;
; EDA_TEST_BENCH_ENABLE_STATUS         ; TEST_BENCH_MODE                        ; --                     ; --                      ; eda_simulation                    ;
; EDA_TEST_BENCH_FILE                  ; RestadorParametrizadoN_tb.sv           ; --                     ; --                      ; Restador_tb                       ;
; EDA_TEST_BENCH_MODULE_NAME           ; Restador_tb                            ; --                     ; --                      ; Restador_tb                       ;
; EDA_TEST_BENCH_NAME                  ; Restador_tb                            ; --                     ; --                      ; eda_simulation                    ;
; EDA_TIME_SCALE                       ; 1 ps                                   ; --                     ; --                      ; eda_simulation                    ;
; MAX_CORE_JUNCTION_TEMP               ; 85                                     ; --                     ; --                      ; --                                ;
; MIN_CORE_JUNCTION_TEMP               ; 0                                      ; --                     ; --                      ; --                                ;
; PARTITION_COLOR                      ; -- (Not supported for targeted family) ; --                     ; RestadorParametrizableN ; Top                               ;
; PARTITION_FITTER_PRESERVATION_LEVEL  ; -- (Not supported for targeted family) ; --                     ; RestadorParametrizableN ; Top                               ;
; PARTITION_NETLIST_TYPE               ; -- (Not supported for targeted family) ; --                     ; RestadorParametrizableN ; Top                               ;
; POWER_BOARD_THERMAL_MODEL            ; None (CONSERVATIVE)                    ; --                     ; --                      ; --                                ;
; POWER_PRESET_COOLING_SOLUTION        ; 23 MM HEAT SINK WITH 200 LFPM AIRFLOW  ; --                     ; --                      ; --                                ;
; PROJECT_OUTPUT_DIRECTORY             ; output_files                           ; --                     ; --                      ; --                                ;
; TOP_LEVEL_ENTITY                     ; RestadorParametrizableN                ; RestadorParametrizadoN ; --                      ; --                                ;
+--------------------------------------+----------------------------------------+------------------------+-------------------------+-----------------------------------+


+--------------------------------------------------------------------------------------------------------------------------+
; Flow Elapsed Time                                                                                                        ;
+----------------------+--------------+-------------------------+---------------------+------------------------------------+
; Module Name          ; Elapsed Time ; Average Processors Used ; Peak Virtual Memory ; Total CPU Time (on all processors) ;
+----------------------+--------------+-------------------------+---------------------+------------------------------------+
; Analysis & Synthesis ; 00:00:08     ; 1.0                     ; 4832 MB             ; 00:00:22                           ;
; Fitter               ; 00:00:38     ; 1.0                     ; 6535 MB             ; 00:01:07                           ;
; Assembler            ; 00:00:05     ; 1.0                     ; 4868 MB             ; 00:00:05                           ;
; Timing Analyzer      ; 00:00:04     ; 1.1                     ; 5149 MB             ; 00:00:04                           ;
; EDA Netlist Writer   ; 00:00:01     ; 1.0                     ; 4719 MB             ; 00:00:01                           ;
; Total                ; 00:00:56     ; --                      ; --                  ; 00:01:39                           ;
+----------------------+--------------+-------------------------+---------------------+------------------------------------+


+------------------------------------------------------------------------------------+
; Flow OS Summary                                                                    ;
+----------------------+------------------+------------+------------+----------------+
; Module Name          ; Machine Hostname ; OS Name    ; OS Version ; Processor type ;
+----------------------+------------------+------------+------------+----------------+
; Analysis & Synthesis ; ALEXPB           ; Windows 10 ; 10.0       ; x86_64         ;
; Fitter               ; ALEXPB           ; Windows 10 ; 10.0       ; x86_64         ;
; Assembler            ; ALEXPB           ; Windows 10 ; 10.0       ; x86_64         ;
; Timing Analyzer      ; ALEXPB           ; Windows 10 ; 10.0       ; x86_64         ;
; EDA Netlist Writer   ; ALEXPB           ; Windows 10 ; 10.0       ; x86_64         ;
+----------------------+------------------+------------+------------+----------------+


------------
; Flow Log ;
------------
quartus_map --read_settings_files=on --write_settings_files=off RestadorParametrizadoN -c RestadorParametrizadoN
quartus_fit --read_settings_files=off --write_settings_files=off RestadorParametrizadoN -c RestadorParametrizadoN
quartus_asm --read_settings_files=off --write_settings_files=off RestadorParametrizadoN -c RestadorParametrizadoN
quartus_sta RestadorParametrizadoN -c RestadorParametrizadoN
quartus_eda --read_settings_files=off --write_settings_files=off RestadorParametrizadoN -c RestadorParametrizadoN



